[2025-04-04 00:03:10] [Render thread/INFO] [CustomSkinLoader Core]: CustomSkinLoader 14.23
[2025-04-04 00:03:10] [Render thread/INFO] [CustomSkinLoader Core]: DataDir: C:\Users\lmq12\OneDrive\桌面\Earth3 ver0.21fix\.minecraft\versions\Earth3_Ver0.21\CustomSkinLoader
[2025-04-04 00:03:10] [Render thread/INFO] [CustomSkinLoader Core]: Operating System: Windows 11 (amd64) version 10.0
[2025-04-04 00:03:10] [Render thread/INFO] [CustomSkinLoader Core]: Java Version: 21.0.1, Azul Systems, Inc.
[2025-04-04 00:03:10] [Render thread/INFO] [CustomSkinLoader Core]: Java VM Version: OpenJDK 64-Bit Server VM (mixed mode, sharing), Azul Systems, Inc.
[2025-04-04 00:03:10] [Render thread/INFO] [CustomSkinLoader Core]: Minecraft: 1.20.1
[2025-04-04 00:03:10] [Render thread/INFO] [CustomSkinLoader Core]: Config File: C:\Users\lmq12\OneDrive\桌面\Earth3 ver0.21fix\.minecraft\versions\Earth3_Ver0.21\CustomSkinLoader\CustomSkinLoader.json
[2025-04-04 00:03:10] [Render thread/INFO] [CustomSkinLoader Core]: Try to load config.
[2025-04-04 00:03:10] [Render thread/INFO] [CustomSkinLoader Core]: Successfully load config.
[2025-04-04 00:03:10] [Render thread/INFO] [CustomSkinLoader Core]: Add a profile loader: MojangAPI
[2025-04-04 00:03:10] [Render thread/INFO] [CustomSkinLoader Core]: Add a profile loader: Legacy
[2025-04-04 00:03:10] [Render thread/INFO] [CustomSkinLoader Core]: Add a profile loader: CustomSkinAPI
[2025-04-04 00:03:10] [Render thread/INFO] [CustomSkinLoader Core]: Add a profile loader: CustomSKinAPIPlus
[2025-04-04 00:03:10] [Render thread/INFO] [CustomSkinLoader Core]: Add a profile loader: UniSkinAPI
[2025-04-04 00:03:10] [Render thread/INFO] [CustomSkinLoader Core]: Add a profile loader: ElyByAPI
[2025-04-04 00:03:10] [Render thread/INFO] [CustomSkinLoader Core]: Add a profile loader: GlitchlessAPI
[2025-04-04 00:03:10] [Render thread/INFO] [CustomSkinLoader Core]: Add a profile loader: MinecraftCapesAPI
[2025-04-04 00:03:10] [Render thread/INFO] [CustomSkinLoader Core]: Add a profile loader: WynntilsAPI
[2025-04-04 00:03:10] [Render thread/INFO] [CustomSkinLoader Core]: Successfully update config.
[2025-04-04 00:03:10] [Render thread/INFO] [CustomSkinLoader Core]: version : 14.23
[2025-04-04 00:03:10] [Render thread/INFO] [CustomSkinLoader Core]: buildNumber : 32
[2025-04-04 00:03:10] [Render thread/INFO] [CustomSkinLoader Core]: loadlist : [{ "name": "Mojang", "type": "MojangAPI", "apiRoot": "https://api.mojang.com/", "sessionRoot": "https://sessionserver.mojang.com/" }, { "name": "LittleSkin", "type": "CustomSkinAPI", "root": "https://littleskin.cn/csl/" }, { "name": "BlessingSkin", "type": "CustomSkinAPI", "root": "https://skin.prinzeugen.net/" }, { "name": "ElyBy", "type": "ElyByAPI", "root": "http://skinsystem.ely.by/textures/" }, { "name": "SkinMe", "type": "UniSkinAPI", "root": "http://www.skinme.cc/uniskin/" }, { "name": "TLauncher", "type": "ElyByAPI", "root": "https://auth.tlauncher.org/skin/profile/texture/login/" }, { "name": "GlitchlessGames", "type": "GlitchlessAPI", "root": "https://games.glitchless.ru/api/minecraft/users/profiles/textures/?nickname=" }, { "name": "LocalSkin", "type": "Legacy", "checkPNG": "false", "skin": "LocalSkin/skins/{USERNAME}.png", "model": "auto", "cape": "LocalSkin/capes/{USERNAME}.png", "elytra": "LocalSkin/elytras/{USERNAME}.png" }, { "name": "MinecraftCapes", "type": "MinecraftCapesAPI", "root": "https://api.minecraftcapes.net/profile/" }, { "name": "OptiFine", "type": "Legacy", "checkPNG": "false", "model": "auto", "cape": "https://optifine.net/capes/{USERNAME}.png" }, { "name": "Wynntils", "type": "WynntilsAPI", "root": "https://athena.wynntils.com/user/getInfo" }, { "name": "CloakPlus", "type": "Legacy", "checkPNG": "false", "model": "auto", "cape": "http://161.35.130.99/capes/{USERNAME}.png" }, { "name": "LabyMod", "type": "Legacy", "checkPNG": "false", "model": "auto", "cape": "https://dl.labymod.net/capes/{STANDARD_UUID}" }, { "name": "Cosmetica", "type": "Legacy", "checkPNG": "false", "model": "auto", "cape": "https://api.cosmetica.cc/get/cloak?username={USERNAME}&uuid={STANDARD_UUID}&nothirdparty" }]
[2025-04-04 00:03:10] [Render thread/INFO] [CustomSkinLoader Core]: enableDynamicSkull : true
[2025-04-04 00:03:10] [Render thread/INFO] [CustomSkinLoader Core]: enableTransparentSkin : true
[2025-04-04 00:03:10] [Render thread/INFO] [CustomSkinLoader Core]: forceLoadAllTextures : true
[2025-04-04 00:03:10] [Render thread/INFO] [CustomSkinLoader Core]: enableCape : true
[2025-04-04 00:03:10] [Render thread/INFO] [CustomSkinLoader Core]: threadPoolSize : 8
[2025-04-04 00:03:10] [Render thread/INFO] [CustomSkinLoader Core]: enableLogStdOut : false
[2025-04-04 00:03:10] [Render thread/INFO] [CustomSkinLoader Core]: cacheExpiry : 30
[2025-04-04 00:03:10] [Render thread/INFO] [CustomSkinLoader Core]: forceUpdateSkull : false
[2025-04-04 00:03:10] [Render thread/INFO] [CustomSkinLoader Core]: enableLocalProfileCache : false
[2025-04-04 00:03:10] [Render thread/INFO] [CustomSkinLoader Core]: enableCacheAutoClean : false
[2025-04-04 00:03:10] [Render thread/INFO] [CustomSkinLoader Core]: forceDisableCache : false
[2025-04-04 00:03:10] [MiRosao/INFO] [CustomSkinLoader Core]: Loading MiRosao's profile.
[2025-04-04 00:03:10] [MiRosao/INFO] [CustomSkinLoader Core]: 1/14 Try to load profile from 'Mojang'.
[2025-04-04 00:03:10] [MiRosao/DEBUG] [CustomSkinLoader Core]: Try to request 'https://api.mojang.com/profiles/minecraft'.
[2025-04-04 00:03:10] [MiRosao/INFO] [CustomSkinLoader Core]: Payload: ["MiRosao"]
[2025-04-04 00:03:11] [MiRosao/DEBUG] [CustomSkinLoader Core]: Successfully request (Response Code: 200 , Content Length: 73)
[2025-04-04 00:03:11] [MiRosao/DEBUG] [CustomSkinLoader Core]: Content: [ {
  "id" : "05e893930563452ea7ab804e4247bee9",
  "name" : "MiRosao"
} ]
[2025-04-04 00:03:11] [MiRosao/DEBUG] [CustomSkinLoader Core]: Try to request 'https://sessionserver.mojang.com/session/minecraft/profile/05e893930563452ea7ab804e4247bee9'.
[2025-04-04 00:03:11] [MiRosao/DEBUG] [CustomSkinLoader Core]: Successfully request (Response Code: 200 , Content Length: 721)
[2025-04-04 00:03:11] [MiRosao/DEBUG] [CustomSkinLoader Core]: Saved to cache (Length: 721 , Path: 'C:\Users\lmq12\OneDrive\桌面\Earth3 ver0.21fix\.minecraft\versions\Earth3_Ver0.21\CustomSkinLoader\caches\a77c2374b0dc8fd4ffb432dc55d2e2928893e963' , Expire: 1743721421)
[2025-04-04 00:03:11] [MiRosao/DEBUG] [CustomSkinLoader Core]: Content: {
  "id" : "05e893930563452ea7ab804e4247bee9",
  "name" : "MiRosao",
  "properties" : [ {
    "name" : "textures",
    "value" : "ewogICJ0aW1lc3RhbXAiIDogMTc0MzcyMTM5NDUzNywKICAicHJvZmlsZUlkIiA6ICIwNWU4OTM5MzA1NjM0NTJlYTdhYjgwNGU0MjQ3YmVlOSIsCiAgInByb2ZpbGVOYW1lIiA6ICJNaVJvc2FvIiwKICAidGV4dHVyZXMiIDogewogICAgIlNLSU4iIDogewogICAgICAidXJsIiA6ICJodHRwOi8vdGV4dHVyZXMubWluZWNyYWZ0Lm5ldC90ZXh0dXJlL2E4NWYxNzc2OTMzN2NlZWRmM2I0MDk1OGRhMjJjMDdjNDJmODVlY2QwMWY4NTBiZTE5YTBkODhlNDMxYTQ0NmEiCiAgICB9LAogICAgIkNBUEUiIDogewogICAgICAidXJsIiA6ICJodHRwOi8vdGV4dHVyZXMubWluZWNyYWZ0Lm5ldC90ZXh0dXJlLzFkZTIxNDE5MDA5ZGI0ODM5MDBkYTYyOThhMWU2Y2JmOWYxYmMxNTIzYTBkY2RjMTYyNjNmYWIxNTA2OTNlZGQiCiAgICB9CiAgfQp9"
  } ],
  "profileActions" : [ ]
}
[2025-04-04 00:03:11] [MiRosao/INFO] [CustomSkinLoader Core]: MiRosao's profile loaded.
[2025-04-04 00:03:11] [MiRosao/INFO] [CustomSkinLoader Core]: (SkinUrl: http://textures.minecraft.net/texture/a85f17769337ceedf3b40958da22c07c42f85ecd01f850be19a0d88e431a446a , Model: default , CapeUrl: http://textures.minecraft.net/texture/1de21419009db483900da6298a1e6cbf9f1bc1523a0dcdc16263fab150693edd  , Expiry: 1743721421)
