[23:56:43.997][INFO][CraftTweaker-EarlyInit]: CraftTweaker is running on a Minecraft 1.20.1 production client modded with platform Forge
[23:56:44.075][INFO][CraftTweaker-EarlyInit]: Successfully injected RecipeFS file system
[23:56:44.224][INFO][CraftTweaker-Plugins]: Successfully identified and loaded plugin jeitweaker:common
[23:56:44.324][INFO][CraftTweaker-Plugins]: Successfully identified and loaded plugin crafttweaker:builtin
[23:56:44.332][INFO][CraftTweaker-Plugins]: Successfully identified and loaded plugin crafttweaker:builtin_forge
[23:56:44.338][INFO][CraftTweaker-Plugins]: Successfully identified and loaded plugin farmersdelight:crafttweaker_plugin
[23:56:44.422][INFO][JEITweaker]: Identified JeiTweaker plugin 'jeitweaker:forge': loading scheduled
[23:56:44.425][INFO][JEITweaker]: Identified JeiTweaker plugin 'jeitweaker:common': loading scheduled
[23:56:44.446][INFO][JEITweaker]: JEITweaker Environmental Check: the combination of mods [jei] is fully supported
[23:56:44.446][INFO][JEITweaker]: Running JeiTweaker plugin initialization
[23:56:44.538][INFO][JEITweaker]: JeiTweaker plugin initialization completed successfully
[23:56:48.734][INFO][CraftTweaker]: The following mods have explicit CraftTweaker support through the default plugin:
[23:56:48.745][INFO][CraftTweaker]: - 'cagedmobs' at version '1.20.1-2.0.1'
[23:56:48.746][INFO][CraftTweaker]: - 'crafttweaker' at version '14.0.26'
[23:56:48.746][INFO][CraftTweaker]: - 'farmersdelight' at version '1.20.1-1.2.4'
[23:56:48.746][INFO][CraftTweaker]: - 'gamestages' at version '15.0.1'
[23:56:48.747][INFO][CraftTweaker]: - 'itemstages' at version '8.0.3'
[23:56:48.748][INFO][CraftTweaker]: - 'jeitweaker' at version '8.0.6'
[23:57:25.479][INFO][CraftTweaker-ZenCode]: Started loading scripts for loader 'initialize'
[23:57:26.728][INFO][CraftTweaker-ZenCode]: Compiling and executing scripts
[23:57:26.819][INFO][CraftTweaker-ZenCode]: Successfully initialized modules [crafttweaker, expansions]
[23:57:27.041][INFO][CraftTweaker-ZenCode]: Execution for loader 'initialize' completed successfully
[00:02:35.606][INFO][CraftTweaker-ZenCode]: Started loading scripts for loader 'tags'
[00:02:35.620][INFO][CraftTweaker-ZenCode]: Compiling and executing scripts
[00:02:35.645][INFO][CraftTweaker-ZenCode]: Successfully initialized modules [crafttweaker, expansions]
[00:02:35.650][INFO][CraftTweaker-ZenCode]: Execution for loader 'tags' completed successfully
[00:02:39.151][INFO][CraftTweaker]: CraftTweaker 开始重载!
[00:02:39.158][INFO][CraftTweaker-ZenCode]: Started loading scripts for loader 'crafttweaker'
[00:02:39.170][INFO][CraftTweaker-ZenCode]: Compiling and executing scripts
[00:02:39.552][INFO][CraftTweaker-ZenCode]: Successfully initialized modules [mods, crafttweaker, expansions]
[00:02:39.553][INFO][CraftTweaker-ZenCode]: Loading file 'Earth.zs' with priority 0
[00:02:39.553][INFO][CraftTweaker-ZenCode]: Loading file 'item.zs' with priority 0
[00:02:39.587][INFO][CraftTweaker]: Removing 'crafting' recipes with output: '<item:lucky:lucky_block>'
[00:02:39.598][INFO][CraftTweaker]: Removing 'crafting' recipes with output: '<item:cgm:workbench>'
[00:02:39.610][INFO][CraftTweaker]: Removing 'crafting' recipes with output: '<item:taming_flute:taming_flute>'
[00:02:39.618][INFO][CraftTweaker]: Removing 'crafting' recipes with output: '<item:duckmoney:coin1>'
[00:02:39.626][INFO][CraftTweaker]: Removing 'crafting' recipes with output: '<item:duckmoney:coin2>'
[00:02:39.632][INFO][CraftTweaker]: Removing 'crafting' recipes with output: '<item:duckmoney:coin5>'
[00:02:39.637][INFO][CraftTweaker]: Removing 'crafting' recipes with output: '<item:duckmoney:note1>'
[00:02:39.641][INFO][CraftTweaker]: Removing 'crafting' recipes with output: '<item:duckmoney:note2>'
[00:02:39.645][INFO][CraftTweaker]: Removing 'crafting' recipes with output: '<item:duckmoney:note5>'
[00:02:39.649][INFO][CraftTweaker]: Removing 'crafting' recipes with output: '<item:duckmoney:note10>'
[00:02:39.652][INFO][CraftTweaker]: Removing 'crafting' recipes with output: '<item:duckmoney:note20>'
[00:02:39.656][INFO][CraftTweaker]: Removing 'crafting' recipes with output: '<item:duckmoney:note50>'
[00:02:39.659][INFO][CraftTweaker]: Removing 'crafting' recipes with output: '<item:duckmoney:note100>'
[00:02:39.663][INFO][CraftTweaker]: Removing 'crafting' recipes with output: '<item:duckmoney:note200>'
[00:02:39.667][INFO][CraftTweaker]: Removing 'crafting' recipes with output: '<item:duckmoney:note500>'
[00:02:39.669][INFO][CraftTweaker]: Removing 'crafting' recipes with output: '<item:duckmoney:note1000>'
[00:02:39.674][INFO][CraftTweaker]: Removing 'crafting' recipes with output: '<item:duckmoney:bundle1>'
[00:02:39.677][INFO][CraftTweaker]: Removing 'crafting' recipes with output: '<item:duckmoney:bundle2>'
[00:02:39.681][INFO][CraftTweaker]: Removing 'crafting' recipes with output: '<item:duckmoney:bundle5>'
[00:02:39.685][INFO][CraftTweaker]: Removing 'crafting' recipes with output: '<item:duckmoney:bundle10>'
[00:02:39.689][INFO][CraftTweaker]: Removing 'crafting' recipes with output: '<item:duckmoney:bundle20>'
[00:02:39.693][INFO][CraftTweaker]: Removing 'crafting' recipes with output: '<item:duckmoney:bundle50>'
[00:02:39.696][INFO][CraftTweaker]: Removing 'crafting' recipes with output: '<item:duckmoney:bundle100>'
[00:02:39.699][INFO][CraftTweaker]: Removing 'crafting' recipes with output: '<item:duckmoney:bundle200>'
[00:02:39.703][INFO][CraftTweaker]: Removing 'crafting' recipes with output: '<item:duckmoney:bundle500>'
[00:02:39.706][INFO][CraftTweaker]: Removing 'crafting' recipes with output: '<item:duckmoney:bundle1000>'
[00:02:39.717][INFO][CraftTweaker]: Adding 'minecraft:crafting' recipe, of type: "shapeless", with name: 'crafttweaker:55624' that outputs: '<item:minecraft:andesite>'
[00:02:39.721][INFO][Item Stages Restrictions]: [ItemStages] Creating new restriction for stages [coal].
[00:02:39.722][INFO][Item Stages Restrictions]: [ItemStages] Creating new restriction for stages [coal].
[00:02:39.722][INFO][Item Stages Restrictions]: [ItemStages] Creating new restriction for stages [coal].
[00:02:39.722][INFO][Item Stages Restrictions]: [ItemStages] Creating new restriction for stages [coal].
[00:02:39.722][INFO][Item Stages Restrictions]: [ItemStages] Creating new restriction for stages [coal].
[00:02:39.722][INFO][Item Stages Restrictions]: [ItemStages] Creating new restriction for stages [coal].
[00:02:39.722][INFO][Item Stages Restrictions]: [ItemStages] Creating new restriction for stages [coal].
[00:02:39.722][INFO][Item Stages Restrictions]: [ItemStages] Creating new restriction for stages [coal].
[00:02:39.722][INFO][Item Stages Restrictions]: [ItemStages] Creating new restriction for stages [coal].
[00:02:39.722][INFO][Item Stages Restrictions]: [ItemStages] Creating new restriction for stages [coal].
[00:02:39.722][INFO][Item Stages Restrictions]: [ItemStages] Creating new restriction for stages [coal].
[00:02:39.722][INFO][Item Stages Restrictions]: [ItemStages] Creating new restriction for stages [coal].
[00:02:39.722][INFO][Item Stages Restrictions]: [ItemStages] Creating new restriction for stages [coal].
[00:02:39.722][INFO][Item Stages Restrictions]: [ItemStages] Creating new restriction for stages [coal].
[00:02:39.722][INFO][Item Stages Restrictions]: [ItemStages] Creating new restriction for stages [coal].
[00:02:39.722][INFO][Item Stages Restrictions]: [ItemStages] Creating new restriction for stages [coal].
[00:02:39.722][INFO][Item Stages Restrictions]: [ItemStages] Creating new restriction for stages [coal].
[00:02:39.722][INFO][Item Stages Restrictions]: [ItemStages] Creating new restriction for stages [coal].
[00:02:39.722][INFO][Item Stages Restrictions]: [ItemStages] Creating new restriction for stages [coal].
[00:02:39.722][INFO][Item Stages Restrictions]: [ItemStages] Creating new restriction for stages [coal].
[00:02:39.722][INFO][Item Stages Restrictions]: [ItemStages] Creating new restriction for stages [coal].
[00:02:39.722][INFO][Item Stages Restrictions]: [ItemStages] Creating new restriction for stages [coal].
[00:02:39.723][INFO][Item Stages Restrictions]: [ItemStages] Creating new restriction for stages [coal].
[00:02:39.723][INFO][Item Stages Restrictions]: [ItemStages] Creating new restriction for stages [coal].
[00:02:39.723][INFO][Item Stages Restrictions]: [ItemStages] Creating new restriction for stages [coal].
[00:02:39.723][INFO][Item Stages Restrictions]: [ItemStages] Creating new restriction for stages [coal].
[00:02:39.723][INFO][Item Stages Restrictions]: [ItemStages] Creating new restriction for stages [coal].
[00:02:39.723][INFO][Item Stages Restrictions]: [ItemStages] Creating new restriction for stages [coal].
[00:02:39.723][INFO][Item Stages Restrictions]: [ItemStages] Creating new restriction for stages [coal].
[00:02:39.723][INFO][Item Stages Restrictions]: [ItemStages] Creating new restriction for stages [coal].
[00:02:39.723][INFO][Item Stages Restrictions]: [ItemStages] Creating new restriction for stages [coal].
[00:02:39.723][INFO][Item Stages Restrictions]: [ItemStages] Creating new restriction for stages [coal].
[00:02:39.723][INFO][Item Stages Restrictions]: [ItemStages] Creating new restriction for stages [coal].
[00:02:39.723][INFO][Item Stages Restrictions]: [ItemStages] Creating new restriction for stages [coal].
[00:02:39.723][INFO][Item Stages Restrictions]: [ItemStages] Creating new restriction for stages [coal].
[00:02:39.723][INFO][Item Stages Restrictions]: [ItemStages] Creating new restriction for stages [coal].
[00:02:39.723][INFO][Item Stages Restrictions]: [ItemStages] Creating new restriction for stages [coal].
[00:02:39.723][INFO][Item Stages Restrictions]: [ItemStages] Creating new restriction for stages [coal].
[00:02:39.723][INFO][Item Stages Restrictions]: [ItemStages] Creating new restriction for stages [coal].
[00:02:39.723][INFO][Item Stages Restrictions]: [ItemStages] Creating new restriction for stages [coal].
[00:02:39.723][INFO][Item Stages Restrictions]: [ItemStages] Creating new restriction for stages [coal].
[00:02:39.723][INFO][Item Stages Restrictions]: [ItemStages] Creating new restriction for stages [coal].
[00:02:39.723][INFO][Item Stages Restrictions]: [ItemStages] Creating new restriction for stages [coal].
[00:02:39.723][INFO][Item Stages Restrictions]: [ItemStages] Creating new restriction for stages [coal].
[00:02:39.723][INFO][Item Stages Restrictions]: [ItemStages] Creating new restriction for stages [coal].
[00:02:39.723][INFO][Item Stages Restrictions]: [ItemStages] Creating new restriction for stages [coal].
[00:02:39.723][INFO][Item Stages Restrictions]: [ItemStages] Creating new restriction for stages [coal].
[00:02:39.723][INFO][Item Stages Restrictions]: [ItemStages] Creating new restriction for stages [coal].
[00:02:39.723][INFO][Item Stages Restrictions]: [ItemStages] Creating new restriction for stages [coal].
[00:02:39.723][INFO][Item Stages Restrictions]: [ItemStages] Creating new restriction for stages [coal].
[00:02:39.723][INFO][Item Stages Restrictions]: [ItemStages] Creating new restriction for stages [coal].
[00:02:39.723][INFO][Item Stages Restrictions]: [ItemStages] Creating new restriction for stages [coal].
[00:02:39.723][INFO][Item Stages Restrictions]: [ItemStages] Creating new restriction for stages [coal].
[00:02:39.723][INFO][Item Stages Restrictions]: [ItemStages] Creating new restriction for stages [coal].
[00:02:39.723][INFO][Item Stages Restrictions]: [ItemStages] Creating new restriction for stages [coal].
[00:02:39.723][INFO][Item Stages Restrictions]: [ItemStages] Creating new restriction for stages [coal].
[00:02:39.723][INFO][Item Stages Restrictions]: [ItemStages] Creating new restriction for stages [coal].
[00:02:39.723][INFO][Item Stages Restrictions]: [ItemStages] Creating new restriction for stages [coal].
[00:02:39.723][INFO][Item Stages Restrictions]: [ItemStages] Creating new restriction for stages [coal].
[00:02:39.723][INFO][Item Stages Restrictions]: [ItemStages] Creating new restriction for stages [coal].
[00:02:39.723][INFO][Item Stages Restrictions]: [ItemStages] Creating new restriction for stages [coal].
[00:02:39.723][INFO][Item Stages Restrictions]: [ItemStages] Creating new restriction for stages [coal].
[00:02:39.723][INFO][Item Stages Restrictions]: [ItemStages] Creating new restriction for stages [coal].
[00:02:39.723][INFO][Item Stages Restrictions]: [ItemStages] Creating new restriction for stages [coal].
[00:02:39.723][INFO][Item Stages Restrictions]: [ItemStages] Creating new restriction for stages [coal].
[00:02:39.723][INFO][Item Stages Restrictions]: [ItemStages] Creating new restriction for stages [coal].
[00:02:39.723][INFO][Item Stages Restrictions]: [ItemStages] Creating new restriction for stages [coal].
[00:02:39.723][INFO][Item Stages Restrictions]: [ItemStages] Creating new restriction for stages [coal].
[00:02:39.723][INFO][Item Stages Restrictions]: [ItemStages] Creating new restriction for stages [coal].
[00:02:39.723][INFO][Item Stages Restrictions]: [ItemStages] Creating new restriction for stages [coal].
[00:02:39.723][INFO][Item Stages Restrictions]: [ItemStages] Creating new restriction for stages [coal].
[00:02:39.723][INFO][Item Stages Restrictions]: [ItemStages] Creating new restriction for stages [coal].
[00:02:39.723][INFO][Item Stages Restrictions]: [ItemStages] Creating new restriction for stages [coal].
[00:02:39.723][INFO][Item Stages Restrictions]: [ItemStages] Creating new restriction for stages [coal].
[00:02:39.723][INFO][Item Stages Restrictions]: [ItemStages] Creating new restriction for stages [coal].
[00:02:39.723][INFO][Item Stages Restrictions]: [ItemStages] Creating new restriction for stages [coal].
[00:02:39.723][INFO][Item Stages Restrictions]: [ItemStages] Creating new restriction for stages [coal].
[00:02:39.723][INFO][Item Stages Restrictions]: [ItemStages] Creating new restriction for stages [coal].
[00:02:39.723][INFO][Item Stages Restrictions]: [ItemStages] Creating new restriction for stages [coal].
[00:02:39.723][INFO][Item Stages Restrictions]: [ItemStages] Creating new restriction for stages [coal].
[00:02:39.723][INFO][Item Stages Restrictions]: [ItemStages] Creating new restriction for stages [coal].
[00:02:39.723][INFO][Item Stages Restrictions]: [ItemStages] Creating new restriction for stages [coal].
[00:02:39.723][INFO][Item Stages Restrictions]: [ItemStages] Creating new restriction for stages [coal].
[00:02:39.723][INFO][Item Stages Restrictions]: [ItemStages] Creating new restriction for stages [coal].
[00:02:39.723][INFO][Item Stages Restrictions]: [ItemStages] Creating new restriction for stages [coal].
[00:02:39.724][INFO][CraftTweaker-ZenCode]: Execution for loader 'crafttweaker' completed successfully
[00:02:39.728][INFO][CraftTweaker]: CraftTweaker 重载完成！
[00:02:39.729][INFO][CraftTweaker]: This reload was made possible by Zuniroa and more! Become a patron at https://patreon.com/jaredlll08?s=crtmod
[00:49:16.347][INFO][CraftTweaker-ZenCode]: Started loading scripts for loader 'tags'
[00:49:16.348][INFO][CraftTweaker-ZenCode]: Undoing previous actions
[00:49:16.395][INFO][CraftTweaker-ZenCode]: Compiling and executing scripts
[00:49:16.407][INFO][CraftTweaker-ZenCode]: Successfully initialized modules [crafttweaker, expansions]
[00:49:16.422][INFO][CraftTweaker-ZenCode]: Execution for loader 'tags' completed successfully
[00:49:20.047][INFO][CraftTweaker]: CraftTweaker 开始重载!
[00:49:20.053][INFO][CraftTweaker-ZenCode]: Started loading scripts for loader 'crafttweaker'
[00:49:20.054][INFO][CraftTweaker-ZenCode]: Undoing previous actions
[00:49:20.081][INFO][CraftTweaker-ZenCode]: Compiling and executing scripts
[00:49:20.439][INFO][CraftTweaker-ZenCode]: Successfully initialized modules [mods, crafttweaker, expansions]
[00:49:20.439][INFO][CraftTweaker-ZenCode]: Loading file 'Earth.zs' with priority 0
[00:49:20.441][INFO][CraftTweaker-ZenCode]: Loading file 'item.zs' with priority 0
[00:49:20.468][INFO][CraftTweaker]: Removing 'crafting' recipes with output: '<item:lucky:lucky_block>'
[00:49:20.479][INFO][CraftTweaker]: Removing 'crafting' recipes with output: '<item:cgm:workbench>'
[00:49:20.488][INFO][CraftTweaker]: Removing 'crafting' recipes with output: '<item:taming_flute:taming_flute>'
[00:49:20.495][INFO][CraftTweaker]: Removing 'crafting' recipes with output: '<item:duckmoney:coin1>'
[00:49:20.502][INFO][CraftTweaker]: Removing 'crafting' recipes with output: '<item:duckmoney:coin2>'
[00:49:20.507][INFO][CraftTweaker]: Removing 'crafting' recipes with output: '<item:duckmoney:coin5>'
[00:49:20.513][INFO][CraftTweaker]: Removing 'crafting' recipes with output: '<item:duckmoney:note1>'
[00:49:20.517][INFO][CraftTweaker]: Removing 'crafting' recipes with output: '<item:duckmoney:note2>'
[00:49:20.523][INFO][CraftTweaker]: Removing 'crafting' recipes with output: '<item:duckmoney:note5>'
[00:49:20.528][INFO][CraftTweaker]: Removing 'crafting' recipes with output: '<item:duckmoney:note10>'
[00:49:20.533][INFO][CraftTweaker]: Removing 'crafting' recipes with output: '<item:duckmoney:note20>'
[00:49:20.539][INFO][CraftTweaker]: Removing 'crafting' recipes with output: '<item:duckmoney:note50>'
[00:49:20.545][INFO][CraftTweaker]: Removing 'crafting' recipes with output: '<item:duckmoney:note100>'
[00:49:20.549][INFO][CraftTweaker]: Removing 'crafting' recipes with output: '<item:duckmoney:note200>'
[00:49:20.554][INFO][CraftTweaker]: Removing 'crafting' recipes with output: '<item:duckmoney:note500>'
[00:49:20.558][INFO][CraftTweaker]: Removing 'crafting' recipes with output: '<item:duckmoney:note1000>'
[00:49:20.563][INFO][CraftTweaker]: Removing 'crafting' recipes with output: '<item:duckmoney:bundle1>'
[00:49:20.566][INFO][CraftTweaker]: Removing 'crafting' recipes with output: '<item:duckmoney:bundle2>'
[00:49:20.569][INFO][CraftTweaker]: Removing 'crafting' recipes with output: '<item:duckmoney:bundle5>'
[00:49:20.575][INFO][CraftTweaker]: Removing 'crafting' recipes with output: '<item:duckmoney:bundle10>'
[00:49:20.580][INFO][CraftTweaker]: Removing 'crafting' recipes with output: '<item:duckmoney:bundle20>'
[00:49:20.583][INFO][CraftTweaker]: Removing 'crafting' recipes with output: '<item:duckmoney:bundle50>'
[00:49:20.588][INFO][CraftTweaker]: Removing 'crafting' recipes with output: '<item:duckmoney:bundle100>'
[00:49:20.593][INFO][CraftTweaker]: Removing 'crafting' recipes with output: '<item:duckmoney:bundle200>'
[00:49:20.598][INFO][CraftTweaker]: Removing 'crafting' recipes with output: '<item:duckmoney:bundle500>'
[00:49:20.603][INFO][CraftTweaker]: Removing 'crafting' recipes with output: '<item:duckmoney:bundle1000>'
[00:49:20.608][INFO][CraftTweaker]: Adding 'minecraft:crafting' recipe, of type: "shapeless", with name: 'crafttweaker:55624' that outputs: '<item:minecraft:andesite>'
[00:49:20.609][INFO][Item Stages Restrictions]: [ItemStages] Creating new restriction for stages [coal].
[00:49:20.609][INFO][Item Stages Restrictions]: [ItemStages] Creating new restriction for stages [coal].
[00:49:20.609][INFO][Item Stages Restrictions]: [ItemStages] Creating new restriction for stages [coal].
[00:49:20.609][INFO][Item Stages Restrictions]: [ItemStages] Creating new restriction for stages [coal].
[00:49:20.609][INFO][Item Stages Restrictions]: [ItemStages] Creating new restriction for stages [coal].
[00:49:20.609][INFO][Item Stages Restrictions]: [ItemStages] Creating new restriction for stages [coal].
[00:49:20.609][INFO][Item Stages Restrictions]: [ItemStages] Creating new restriction for stages [coal].
[00:49:20.609][INFO][Item Stages Restrictions]: [ItemStages] Creating new restriction for stages [coal].
[00:49:20.609][INFO][Item Stages Restrictions]: [ItemStages] Creating new restriction for stages [coal].
[00:49:20.609][INFO][Item Stages Restrictions]: [ItemStages] Creating new restriction for stages [coal].
[00:49:20.609][INFO][Item Stages Restrictions]: [ItemStages] Creating new restriction for stages [coal].
[00:49:20.609][INFO][Item Stages Restrictions]: [ItemStages] Creating new restriction for stages [coal].
[00:49:20.609][INFO][Item Stages Restrictions]: [ItemStages] Creating new restriction for stages [coal].
[00:49:20.609][INFO][Item Stages Restrictions]: [ItemStages] Creating new restriction for stages [coal].
[00:49:20.609][INFO][Item Stages Restrictions]: [ItemStages] Creating new restriction for stages [coal].
[00:49:20.609][INFO][Item Stages Restrictions]: [ItemStages] Creating new restriction for stages [coal].
[00:49:20.609][INFO][Item Stages Restrictions]: [ItemStages] Creating new restriction for stages [coal].
[00:49:20.609][INFO][Item Stages Restrictions]: [ItemStages] Creating new restriction for stages [coal].
[00:49:20.611][INFO][Item Stages Restrictions]: [ItemStages] Creating new restriction for stages [coal].
[00:49:20.611][INFO][Item Stages Restrictions]: [ItemStages] Creating new restriction for stages [coal].
[00:49:20.611][INFO][Item Stages Restrictions]: [ItemStages] Creating new restriction for stages [coal].
[00:49:20.611][INFO][Item Stages Restrictions]: [ItemStages] Creating new restriction for stages [coal].
[00:49:20.611][INFO][Item Stages Restrictions]: [ItemStages] Creating new restriction for stages [coal].
[00:49:20.611][INFO][Item Stages Restrictions]: [ItemStages] Creating new restriction for stages [coal].
[00:49:20.611][INFO][Item Stages Restrictions]: [ItemStages] Creating new restriction for stages [coal].
[00:49:20.612][INFO][Item Stages Restrictions]: [ItemStages] Creating new restriction for stages [coal].
[00:49:20.612][INFO][Item Stages Restrictions]: [ItemStages] Creating new restriction for stages [coal].
[00:49:20.612][INFO][Item Stages Restrictions]: [ItemStages] Creating new restriction for stages [coal].
[00:49:20.612][INFO][Item Stages Restrictions]: [ItemStages] Creating new restriction for stages [coal].
[00:49:20.612][INFO][Item Stages Restrictions]: [ItemStages] Creating new restriction for stages [coal].
[00:49:20.612][INFO][Item Stages Restrictions]: [ItemStages] Creating new restriction for stages [coal].
[00:49:20.612][INFO][Item Stages Restrictions]: [ItemStages] Creating new restriction for stages [coal].
[00:49:20.612][INFO][Item Stages Restrictions]: [ItemStages] Creating new restriction for stages [coal].
[00:49:20.612][INFO][Item Stages Restrictions]: [ItemStages] Creating new restriction for stages [coal].
[00:49:20.612][INFO][Item Stages Restrictions]: [ItemStages] Creating new restriction for stages [coal].
[00:49:20.612][INFO][Item Stages Restrictions]: [ItemStages] Creating new restriction for stages [coal].
[00:49:20.612][INFO][Item Stages Restrictions]: [ItemStages] Creating new restriction for stages [coal].
[00:49:20.612][INFO][Item Stages Restrictions]: [ItemStages] Creating new restriction for stages [coal].
[00:49:20.612][INFO][Item Stages Restrictions]: [ItemStages] Creating new restriction for stages [coal].
[00:49:20.612][INFO][Item Stages Restrictions]: [ItemStages] Creating new restriction for stages [coal].
[00:49:20.612][INFO][Item Stages Restrictions]: [ItemStages] Creating new restriction for stages [coal].
[00:49:20.612][INFO][Item Stages Restrictions]: [ItemStages] Creating new restriction for stages [coal].
[00:49:20.612][INFO][Item Stages Restrictions]: [ItemStages] Creating new restriction for stages [coal].
[00:49:20.612][INFO][Item Stages Restrictions]: [ItemStages] Creating new restriction for stages [coal].
[00:49:20.612][INFO][Item Stages Restrictions]: [ItemStages] Creating new restriction for stages [coal].
[00:49:20.612][INFO][Item Stages Restrictions]: [ItemStages] Creating new restriction for stages [coal].
[00:49:20.612][INFO][Item Stages Restrictions]: [ItemStages] Creating new restriction for stages [coal].
[00:49:20.612][INFO][Item Stages Restrictions]: [ItemStages] Creating new restriction for stages [coal].
[00:49:20.612][INFO][Item Stages Restrictions]: [ItemStages] Creating new restriction for stages [coal].
[00:49:20.613][INFO][Item Stages Restrictions]: [ItemStages] Creating new restriction for stages [coal].
[00:49:20.613][INFO][Item Stages Restrictions]: [ItemStages] Creating new restriction for stages [coal].
[00:49:20.613][INFO][Item Stages Restrictions]: [ItemStages] Creating new restriction for stages [coal].
[00:49:20.613][INFO][Item Stages Restrictions]: [ItemStages] Creating new restriction for stages [coal].
[00:49:20.613][INFO][Item Stages Restrictions]: [ItemStages] Creating new restriction for stages [coal].
[00:49:20.613][INFO][Item Stages Restrictions]: [ItemStages] Creating new restriction for stages [coal].
[00:49:20.613][INFO][Item Stages Restrictions]: [ItemStages] Creating new restriction for stages [coal].
[00:49:20.613][INFO][Item Stages Restrictions]: [ItemStages] Creating new restriction for stages [coal].
[00:49:20.613][INFO][Item Stages Restrictions]: [ItemStages] Creating new restriction for stages [coal].
[00:49:20.613][INFO][Item Stages Restrictions]: [ItemStages] Creating new restriction for stages [coal].
[00:49:20.613][INFO][Item Stages Restrictions]: [ItemStages] Creating new restriction for stages [coal].
[00:49:20.613][INFO][Item Stages Restrictions]: [ItemStages] Creating new restriction for stages [coal].
[00:49:20.613][INFO][Item Stages Restrictions]: [ItemStages] Creating new restriction for stages [coal].
[00:49:20.613][INFO][Item Stages Restrictions]: [ItemStages] Creating new restriction for stages [coal].
[00:49:20.613][INFO][Item Stages Restrictions]: [ItemStages] Creating new restriction for stages [coal].
[00:49:20.613][INFO][Item Stages Restrictions]: [ItemStages] Creating new restriction for stages [coal].
[00:49:20.613][INFO][Item Stages Restrictions]: [ItemStages] Creating new restriction for stages [coal].
[00:49:20.613][INFO][Item Stages Restrictions]: [ItemStages] Creating new restriction for stages [coal].
[00:49:20.613][INFO][Item Stages Restrictions]: [ItemStages] Creating new restriction for stages [coal].
[00:49:20.613][INFO][Item Stages Restrictions]: [ItemStages] Creating new restriction for stages [coal].
[00:49:20.613][INFO][Item Stages Restrictions]: [ItemStages] Creating new restriction for stages [coal].
[00:49:20.613][INFO][Item Stages Restrictions]: [ItemStages] Creating new restriction for stages [coal].
[00:49:20.614][INFO][Item Stages Restrictions]: [ItemStages] Creating new restriction for stages [coal].
[00:49:20.614][INFO][Item Stages Restrictions]: [ItemStages] Creating new restriction for stages [coal].
[00:49:20.614][INFO][Item Stages Restrictions]: [ItemStages] Creating new restriction for stages [coal].
[00:49:20.614][INFO][Item Stages Restrictions]: [ItemStages] Creating new restriction for stages [coal].
[00:49:20.614][INFO][Item Stages Restrictions]: [ItemStages] Creating new restriction for stages [coal].
[00:49:20.614][INFO][Item Stages Restrictions]: [ItemStages] Creating new restriction for stages [coal].
[00:49:20.614][INFO][Item Stages Restrictions]: [ItemStages] Creating new restriction for stages [coal].
[00:49:20.614][INFO][Item Stages Restrictions]: [ItemStages] Creating new restriction for stages [coal].
[00:49:20.614][INFO][Item Stages Restrictions]: [ItemStages] Creating new restriction for stages [coal].
[00:49:20.614][INFO][Item Stages Restrictions]: [ItemStages] Creating new restriction for stages [coal].
[00:49:20.614][INFO][Item Stages Restrictions]: [ItemStages] Creating new restriction for stages [coal].
[00:49:20.614][INFO][Item Stages Restrictions]: [ItemStages] Creating new restriction for stages [coal].
[00:49:20.614][INFO][Item Stages Restrictions]: [ItemStages] Creating new restriction for stages [coal].
[00:49:20.614][INFO][Item Stages Restrictions]: [ItemStages] Creating new restriction for stages [coal].
[00:49:20.614][INFO][CraftTweaker-ZenCode]: Execution for loader 'crafttweaker' completed successfully
[00:49:20.615][INFO][CraftTweaker]: CraftTweaker 重载完成！
[00:49:20.615][INFO][CraftTweaker]: This reload was made possible by Jessie Sims and more! Become a patron at https://patreon.com/jaredlll08?s=crtmod
[00:54:39.237][INFO][CraftTweaker-ZenCode]: Started loading scripts for loader 'tags'
[00:54:39.238][INFO][CraftTweaker-ZenCode]: Undoing previous actions
[00:54:39.257][INFO][CraftTweaker-ZenCode]: Compiling and executing scripts
[00:54:39.259][INFO][CraftTweaker-ZenCode]: Successfully initialized modules [crafttweaker, expansions]
[00:54:39.268][INFO][CraftTweaker-ZenCode]: Execution for loader 'tags' completed successfully
[00:54:40.950][INFO][CraftTweaker]: CraftTweaker 开始重载!
[00:54:40.954][INFO][CraftTweaker-ZenCode]: Started loading scripts for loader 'crafttweaker'
[00:54:40.954][INFO][CraftTweaker-ZenCode]: Undoing previous actions
[00:54:40.969][INFO][CraftTweaker-ZenCode]: Compiling and executing scripts
[00:54:41.033][INFO][CraftTweaker-ZenCode]: Successfully initialized modules [mods, crafttweaker, expansions]
[00:54:41.033][INFO][CraftTweaker-ZenCode]: Loading file 'Earth.zs' with priority 0
[00:54:41.034][INFO][CraftTweaker-ZenCode]: Loading file 'item.zs' with priority 0
[00:54:41.049][INFO][CraftTweaker]: Removing 'crafting' recipes with output: '<item:lucky:lucky_block>'
[00:54:41.053][INFO][CraftTweaker]: Removing 'crafting' recipes with output: '<item:cgm:workbench>'
[00:54:41.057][INFO][CraftTweaker]: Removing 'crafting' recipes with output: '<item:taming_flute:taming_flute>'
[00:54:41.062][INFO][CraftTweaker]: Removing 'crafting' recipes with output: '<item:duckmoney:coin1>'
[00:54:41.066][INFO][CraftTweaker]: Removing 'crafting' recipes with output: '<item:duckmoney:coin2>'
[00:54:41.070][INFO][CraftTweaker]: Removing 'crafting' recipes with output: '<item:duckmoney:coin5>'
[00:54:41.074][INFO][CraftTweaker]: Removing 'crafting' recipes with output: '<item:duckmoney:note1>'
[00:54:41.078][INFO][CraftTweaker]: Removing 'crafting' recipes with output: '<item:duckmoney:note2>'
[00:54:41.082][INFO][CraftTweaker]: Removing 'crafting' recipes with output: '<item:duckmoney:note5>'
[00:54:41.086][INFO][CraftTweaker]: Removing 'crafting' recipes with output: '<item:duckmoney:note10>'
[00:54:41.091][INFO][CraftTweaker]: Removing 'crafting' recipes with output: '<item:duckmoney:note20>'
[00:54:41.095][INFO][CraftTweaker]: Removing 'crafting' recipes with output: '<item:duckmoney:note50>'
[00:54:41.099][INFO][CraftTweaker]: Removing 'crafting' recipes with output: '<item:duckmoney:note100>'
[00:54:41.103][INFO][CraftTweaker]: Removing 'crafting' recipes with output: '<item:duckmoney:note200>'
[00:54:41.108][INFO][CraftTweaker]: Removing 'crafting' recipes with output: '<item:duckmoney:note500>'
[00:54:41.112][INFO][CraftTweaker]: Removing 'crafting' recipes with output: '<item:duckmoney:note1000>'
[00:54:41.116][INFO][CraftTweaker]: Removing 'crafting' recipes with output: '<item:duckmoney:bundle1>'
[00:54:41.120][INFO][CraftTweaker]: Removing 'crafting' recipes with output: '<item:duckmoney:bundle2>'
[00:54:41.123][INFO][CraftTweaker]: Removing 'crafting' recipes with output: '<item:duckmoney:bundle5>'
[00:54:41.127][INFO][CraftTweaker]: Removing 'crafting' recipes with output: '<item:duckmoney:bundle10>'
[00:54:41.129][INFO][CraftTweaker]: Removing 'crafting' recipes with output: '<item:duckmoney:bundle20>'
[00:54:41.133][INFO][CraftTweaker]: Removing 'crafting' recipes with output: '<item:duckmoney:bundle50>'
[00:54:41.137][INFO][CraftTweaker]: Removing 'crafting' recipes with output: '<item:duckmoney:bundle100>'
[00:54:41.140][INFO][CraftTweaker]: Removing 'crafting' recipes with output: '<item:duckmoney:bundle200>'
[00:54:41.144][INFO][CraftTweaker]: Removing 'crafting' recipes with output: '<item:duckmoney:bundle500>'
[00:54:41.147][INFO][CraftTweaker]: Removing 'crafting' recipes with output: '<item:duckmoney:bundle1000>'
[00:54:41.151][INFO][CraftTweaker]: Adding 'minecraft:crafting' recipe, of type: "shapeless", with name: 'crafttweaker:55624' that outputs: '<item:minecraft:andesite>'
[00:54:41.152][INFO][Item Stages Restrictions]: [ItemStages] Creating new restriction for stages [coal].
[00:54:41.152][INFO][Item Stages Restrictions]: [ItemStages] Creating new restriction for stages [coal].
[00:54:41.152][INFO][Item Stages Restrictions]: [ItemStages] Creating new restriction for stages [coal].
[00:54:41.152][INFO][Item Stages Restrictions]: [ItemStages] Creating new restriction for stages [coal].
[00:54:41.152][INFO][Item Stages Restrictions]: [ItemStages] Creating new restriction for stages [coal].
[00:54:41.152][INFO][Item Stages Restrictions]: [ItemStages] Creating new restriction for stages [coal].
[00:54:41.152][INFO][Item Stages Restrictions]: [ItemStages] Creating new restriction for stages [coal].
[00:54:41.152][INFO][Item Stages Restrictions]: [ItemStages] Creating new restriction for stages [coal].
[00:54:41.152][INFO][Item Stages Restrictions]: [ItemStages] Creating new restriction for stages [coal].
[00:54:41.152][INFO][Item Stages Restrictions]: [ItemStages] Creating new restriction for stages [coal].
[00:54:41.152][INFO][Item Stages Restrictions]: [ItemStages] Creating new restriction for stages [coal].
[00:54:41.152][INFO][Item Stages Restrictions]: [ItemStages] Creating new restriction for stages [coal].
[00:54:41.152][INFO][Item Stages Restrictions]: [ItemStages] Creating new restriction for stages [coal].
[00:54:41.152][INFO][Item Stages Restrictions]: [ItemStages] Creating new restriction for stages [coal].
[00:54:41.152][INFO][Item Stages Restrictions]: [ItemStages] Creating new restriction for stages [coal].
[00:54:41.152][INFO][Item Stages Restrictions]: [ItemStages] Creating new restriction for stages [coal].
[00:54:41.152][INFO][Item Stages Restrictions]: [ItemStages] Creating new restriction for stages [coal].
[00:54:41.152][INFO][Item Stages Restrictions]: [ItemStages] Creating new restriction for stages [coal].
[00:54:41.152][INFO][Item Stages Restrictions]: [ItemStages] Creating new restriction for stages [coal].
[00:54:41.152][INFO][Item Stages Restrictions]: [ItemStages] Creating new restriction for stages [coal].
[00:54:41.152][INFO][Item Stages Restrictions]: [ItemStages] Creating new restriction for stages [coal].
[00:54:41.152][INFO][Item Stages Restrictions]: [ItemStages] Creating new restriction for stages [coal].
[00:54:41.152][INFO][Item Stages Restrictions]: [ItemStages] Creating new restriction for stages [coal].
[00:54:41.152][INFO][Item Stages Restrictions]: [ItemStages] Creating new restriction for stages [coal].
[00:54:41.152][INFO][Item Stages Restrictions]: [ItemStages] Creating new restriction for stages [coal].
[00:54:41.152][INFO][Item Stages Restrictions]: [ItemStages] Creating new restriction for stages [coal].
[00:54:41.152][INFO][Item Stages Restrictions]: [ItemStages] Creating new restriction for stages [coal].
[00:54:41.152][INFO][Item Stages Restrictions]: [ItemStages] Creating new restriction for stages [coal].
[00:54:41.152][INFO][Item Stages Restrictions]: [ItemStages] Creating new restriction for stages [coal].
[00:54:41.152][INFO][Item Stages Restrictions]: [ItemStages] Creating new restriction for stages [coal].
[00:54:41.152][INFO][Item Stages Restrictions]: [ItemStages] Creating new restriction for stages [coal].
[00:54:41.152][INFO][Item Stages Restrictions]: [ItemStages] Creating new restriction for stages [coal].
[00:54:41.152][INFO][Item Stages Restrictions]: [ItemStages] Creating new restriction for stages [coal].
[00:54:41.152][INFO][Item Stages Restrictions]: [ItemStages] Creating new restriction for stages [coal].
[00:54:41.152][INFO][Item Stages Restrictions]: [ItemStages] Creating new restriction for stages [coal].
[00:54:41.152][INFO][Item Stages Restrictions]: [ItemStages] Creating new restriction for stages [coal].
[00:54:41.152][INFO][Item Stages Restrictions]: [ItemStages] Creating new restriction for stages [coal].
[00:54:41.152][INFO][Item Stages Restrictions]: [ItemStages] Creating new restriction for stages [coal].
[00:54:41.152][INFO][Item Stages Restrictions]: [ItemStages] Creating new restriction for stages [coal].
[00:54:41.152][INFO][Item Stages Restrictions]: [ItemStages] Creating new restriction for stages [coal].
[00:54:41.152][INFO][Item Stages Restrictions]: [ItemStages] Creating new restriction for stages [coal].
[00:54:41.152][INFO][Item Stages Restrictions]: [ItemStages] Creating new restriction for stages [coal].
[00:54:41.152][INFO][Item Stages Restrictions]: [ItemStages] Creating new restriction for stages [coal].
[00:54:41.152][INFO][Item Stages Restrictions]: [ItemStages] Creating new restriction for stages [coal].
[00:54:41.152][INFO][Item Stages Restrictions]: [ItemStages] Creating new restriction for stages [coal].
[00:54:41.152][INFO][Item Stages Restrictions]: [ItemStages] Creating new restriction for stages [coal].
[00:54:41.152][INFO][Item Stages Restrictions]: [ItemStages] Creating new restriction for stages [coal].
[00:54:41.152][INFO][Item Stages Restrictions]: [ItemStages] Creating new restriction for stages [coal].
[00:54:41.152][INFO][Item Stages Restrictions]: [ItemStages] Creating new restriction for stages [coal].
[00:54:41.152][INFO][Item Stages Restrictions]: [ItemStages] Creating new restriction for stages [coal].
[00:54:41.152][INFO][Item Stages Restrictions]: [ItemStages] Creating new restriction for stages [coal].
[00:54:41.152][INFO][Item Stages Restrictions]: [ItemStages] Creating new restriction for stages [coal].
[00:54:41.152][INFO][Item Stages Restrictions]: [ItemStages] Creating new restriction for stages [coal].
[00:54:41.152][INFO][Item Stages Restrictions]: [ItemStages] Creating new restriction for stages [coal].
[00:54:41.152][INFO][Item Stages Restrictions]: [ItemStages] Creating new restriction for stages [coal].
[00:54:41.153][INFO][Item Stages Restrictions]: [ItemStages] Creating new restriction for stages [coal].
[00:54:41.153][INFO][Item Stages Restrictions]: [ItemStages] Creating new restriction for stages [coal].
[00:54:41.153][INFO][Item Stages Restrictions]: [ItemStages] Creating new restriction for stages [coal].
[00:54:41.153][INFO][Item Stages Restrictions]: [ItemStages] Creating new restriction for stages [coal].
[00:54:41.153][INFO][Item Stages Restrictions]: [ItemStages] Creating new restriction for stages [coal].
[00:54:41.153][INFO][Item Stages Restrictions]: [ItemStages] Creating new restriction for stages [coal].
[00:54:41.153][INFO][Item Stages Restrictions]: [ItemStages] Creating new restriction for stages [coal].
[00:54:41.153][INFO][Item Stages Restrictions]: [ItemStages] Creating new restriction for stages [coal].
[00:54:41.153][INFO][Item Stages Restrictions]: [ItemStages] Creating new restriction for stages [coal].
[00:54:41.153][INFO][Item Stages Restrictions]: [ItemStages] Creating new restriction for stages [coal].
[00:54:41.153][INFO][Item Stages Restrictions]: [ItemStages] Creating new restriction for stages [coal].
[00:54:41.153][INFO][Item Stages Restrictions]: [ItemStages] Creating new restriction for stages [coal].
[00:54:41.153][INFO][Item Stages Restrictions]: [ItemStages] Creating new restriction for stages [coal].
[00:54:41.153][INFO][Item Stages Restrictions]: [ItemStages] Creating new restriction for stages [coal].
[00:54:41.153][INFO][Item Stages Restrictions]: [ItemStages] Creating new restriction for stages [coal].
[00:54:41.153][INFO][Item Stages Restrictions]: [ItemStages] Creating new restriction for stages [coal].
[00:54:41.153][INFO][Item Stages Restrictions]: [ItemStages] Creating new restriction for stages [coal].
[00:54:41.153][INFO][Item Stages Restrictions]: [ItemStages] Creating new restriction for stages [coal].
[00:54:41.153][INFO][Item Stages Restrictions]: [ItemStages] Creating new restriction for stages [coal].
[00:54:41.153][INFO][Item Stages Restrictions]: [ItemStages] Creating new restriction for stages [coal].
[00:54:41.153][INFO][Item Stages Restrictions]: [ItemStages] Creating new restriction for stages [coal].
[00:54:41.153][INFO][Item Stages Restrictions]: [ItemStages] Creating new restriction for stages [coal].
[00:54:41.153][INFO][Item Stages Restrictions]: [ItemStages] Creating new restriction for stages [coal].
[00:54:41.153][INFO][Item Stages Restrictions]: [ItemStages] Creating new restriction for stages [coal].
[00:54:41.153][INFO][Item Stages Restrictions]: [ItemStages] Creating new restriction for stages [coal].
[00:54:41.153][INFO][Item Stages Restrictions]: [ItemStages] Creating new restriction for stages [coal].
[00:54:41.153][INFO][Item Stages Restrictions]: [ItemStages] Creating new restriction for stages [coal].
[00:54:41.153][INFO][Item Stages Restrictions]: [ItemStages] Creating new restriction for stages [coal].
[00:54:41.153][INFO][Item Stages Restrictions]: [ItemStages] Creating new restriction for stages [coal].
[00:54:41.153][INFO][Item Stages Restrictions]: [ItemStages] Creating new restriction for stages [coal].
[00:54:41.153][INFO][CraftTweaker-ZenCode]: Execution for loader 'crafttweaker' completed successfully
[00:54:41.153][INFO][CraftTweaker]: CraftTweaker 重载完成！
[00:54:41.154][INFO][CraftTweaker]: This reload was made possible by Hooley and more! Become a patron at https://patreon.com/jaredlll08?s=crtmod
[00:54:47.396][INFO][CraftTweaker-ZenCode]: Started loading scripts for loader 'tags'
[00:54:47.396][INFO][CraftTweaker-ZenCode]: Undoing previous actions
[00:54:47.413][INFO][CraftTweaker-ZenCode]: Compiling and executing scripts
[00:54:47.415][INFO][CraftTweaker-ZenCode]: Successfully initialized modules [crafttweaker, expansions]
[00:54:47.423][INFO][CraftTweaker-ZenCode]: Execution for loader 'tags' completed successfully
[00:54:49.366][INFO][CraftTweaker]: CraftTweaker 开始重载!
[00:54:49.369][INFO][CraftTweaker-ZenCode]: Started loading scripts for loader 'crafttweaker'
[00:54:49.369][INFO][CraftTweaker-ZenCode]: Undoing previous actions
[00:54:49.379][INFO][CraftTweaker-ZenCode]: Compiling and executing scripts
[00:54:49.430][INFO][CraftTweaker-ZenCode]: Successfully initialized modules [mods, crafttweaker, expansions]
[00:54:49.430][INFO][CraftTweaker-ZenCode]: Loading file 'Earth.zs' with priority 0
[00:54:49.430][INFO][CraftTweaker-ZenCode]: Loading file 'item.zs' with priority 0
[00:54:49.444][INFO][CraftTweaker]: Removing 'crafting' recipes with output: '<item:lucky:lucky_block>'
[00:54:49.448][INFO][CraftTweaker]: Removing 'crafting' recipes with output: '<item:cgm:workbench>'
[00:54:49.451][INFO][CraftTweaker]: Removing 'crafting' recipes with output: '<item:taming_flute:taming_flute>'
[00:54:49.454][INFO][CraftTweaker]: Removing 'crafting' recipes with output: '<item:duckmoney:coin1>'
[00:54:49.457][INFO][CraftTweaker]: Removing 'crafting' recipes with output: '<item:duckmoney:coin2>'
[00:54:49.459][INFO][CraftTweaker]: Removing 'crafting' recipes with output: '<item:duckmoney:coin5>'
[00:54:49.463][INFO][CraftTweaker]: Removing 'crafting' recipes with output: '<item:duckmoney:note1>'
[00:54:49.466][INFO][CraftTweaker]: Removing 'crafting' recipes with output: '<item:duckmoney:note2>'
[00:54:49.468][INFO][CraftTweaker]: Removing 'crafting' recipes with output: '<item:duckmoney:note5>'
[00:54:49.471][INFO][CraftTweaker]: Removing 'crafting' recipes with output: '<item:duckmoney:note10>'
[00:54:49.473][INFO][CraftTweaker]: Removing 'crafting' recipes with output: '<item:duckmoney:note20>'
[00:54:49.475][INFO][CraftTweaker]: Removing 'crafting' recipes with output: '<item:duckmoney:note50>'
[00:54:49.477][INFO][CraftTweaker]: Removing 'crafting' recipes with output: '<item:duckmoney:note100>'
[00:54:49.479][INFO][CraftTweaker]: Removing 'crafting' recipes with output: '<item:duckmoney:note200>'
[00:54:49.482][INFO][CraftTweaker]: Removing 'crafting' recipes with output: '<item:duckmoney:note500>'
[00:54:49.484][INFO][CraftTweaker]: Removing 'crafting' recipes with output: '<item:duckmoney:note1000>'
[00:54:49.486][INFO][CraftTweaker]: Removing 'crafting' recipes with output: '<item:duckmoney:bundle1>'
[00:54:49.488][INFO][CraftTweaker]: Removing 'crafting' recipes with output: '<item:duckmoney:bundle2>'
[00:54:49.490][INFO][CraftTweaker]: Removing 'crafting' recipes with output: '<item:duckmoney:bundle5>'
[00:54:49.491][INFO][CraftTweaker]: Removing 'crafting' recipes with output: '<item:duckmoney:bundle10>'
[00:54:49.493][INFO][CraftTweaker]: Removing 'crafting' recipes with output: '<item:duckmoney:bundle20>'
[00:54:49.495][INFO][CraftTweaker]: Removing 'crafting' recipes with output: '<item:duckmoney:bundle50>'
[00:54:49.496][INFO][CraftTweaker]: Removing 'crafting' recipes with output: '<item:duckmoney:bundle100>'
[00:54:49.497][INFO][CraftTweaker]: Removing 'crafting' recipes with output: '<item:duckmoney:bundle200>'
[00:54:49.498][INFO][CraftTweaker]: Removing 'crafting' recipes with output: '<item:duckmoney:bundle500>'
[00:54:49.499][INFO][CraftTweaker]: Removing 'crafting' recipes with output: '<item:duckmoney:bundle1000>'
[00:54:49.501][INFO][CraftTweaker]: Adding 'minecraft:crafting' recipe, of type: "shapeless", with name: 'crafttweaker:55624' that outputs: '<item:minecraft:andesite>'
[00:54:49.502][INFO][Item Stages Restrictions]: [ItemStages] Creating new restriction for stages [coal].
[00:54:49.502][INFO][Item Stages Restrictions]: [ItemStages] Creating new restriction for stages [coal].
[00:54:49.502][INFO][Item Stages Restrictions]: [ItemStages] Creating new restriction for stages [coal].
[00:54:49.502][INFO][Item Stages Restrictions]: [ItemStages] Creating new restriction for stages [coal].
[00:54:49.502][INFO][Item Stages Restrictions]: [ItemStages] Creating new restriction for stages [coal].
[00:54:49.502][INFO][Item Stages Restrictions]: [ItemStages] Creating new restriction for stages [coal].
[00:54:49.502][INFO][Item Stages Restrictions]: [ItemStages] Creating new restriction for stages [coal].
[00:54:49.502][INFO][Item Stages Restrictions]: [ItemStages] Creating new restriction for stages [coal].
[00:54:49.502][INFO][Item Stages Restrictions]: [ItemStages] Creating new restriction for stages [coal].
[00:54:49.502][INFO][Item Stages Restrictions]: [ItemStages] Creating new restriction for stages [coal].
[00:54:49.502][INFO][Item Stages Restrictions]: [ItemStages] Creating new restriction for stages [coal].
[00:54:49.502][INFO][Item Stages Restrictions]: [ItemStages] Creating new restriction for stages [coal].
[00:54:49.502][INFO][Item Stages Restrictions]: [ItemStages] Creating new restriction for stages [coal].
[00:54:49.502][INFO][Item Stages Restrictions]: [ItemStages] Creating new restriction for stages [coal].
[00:54:49.502][INFO][Item Stages Restrictions]: [ItemStages] Creating new restriction for stages [coal].
[00:54:49.502][INFO][Item Stages Restrictions]: [ItemStages] Creating new restriction for stages [coal].
[00:54:49.502][INFO][Item Stages Restrictions]: [ItemStages] Creating new restriction for stages [coal].
[00:54:49.502][INFO][Item Stages Restrictions]: [ItemStages] Creating new restriction for stages [coal].
[00:54:49.502][INFO][Item Stages Restrictions]: [ItemStages] Creating new restriction for stages [coal].
[00:54:49.502][INFO][Item Stages Restrictions]: [ItemStages] Creating new restriction for stages [coal].
[00:54:49.502][INFO][Item Stages Restrictions]: [ItemStages] Creating new restriction for stages [coal].
[00:54:49.502][INFO][Item Stages Restrictions]: [ItemStages] Creating new restriction for stages [coal].
[00:54:49.502][INFO][Item Stages Restrictions]: [ItemStages] Creating new restriction for stages [coal].
[00:54:49.502][INFO][Item Stages Restrictions]: [ItemStages] Creating new restriction for stages [coal].
[00:54:49.502][INFO][Item Stages Restrictions]: [ItemStages] Creating new restriction for stages [coal].
[00:54:49.502][INFO][Item Stages Restrictions]: [ItemStages] Creating new restriction for stages [coal].
[00:54:49.502][INFO][Item Stages Restrictions]: [ItemStages] Creating new restriction for stages [coal].
[00:54:49.502][INFO][Item Stages Restrictions]: [ItemStages] Creating new restriction for stages [coal].
[00:54:49.502][INFO][Item Stages Restrictions]: [ItemStages] Creating new restriction for stages [coal].
[00:54:49.502][INFO][Item Stages Restrictions]: [ItemStages] Creating new restriction for stages [coal].
[00:54:49.502][INFO][Item Stages Restrictions]: [ItemStages] Creating new restriction for stages [coal].
[00:54:49.502][INFO][Item Stages Restrictions]: [ItemStages] Creating new restriction for stages [coal].
[00:54:49.502][INFO][Item Stages Restrictions]: [ItemStages] Creating new restriction for stages [coal].
[00:54:49.502][INFO][Item Stages Restrictions]: [ItemStages] Creating new restriction for stages [coal].
[00:54:49.502][INFO][Item Stages Restrictions]: [ItemStages] Creating new restriction for stages [coal].
[00:54:49.502][INFO][Item Stages Restrictions]: [ItemStages] Creating new restriction for stages [coal].
[00:54:49.502][INFO][Item Stages Restrictions]: [ItemStages] Creating new restriction for stages [coal].
[00:54:49.502][INFO][Item Stages Restrictions]: [ItemStages] Creating new restriction for stages [coal].
[00:54:49.502][INFO][Item Stages Restrictions]: [ItemStages] Creating new restriction for stages [coal].
[00:54:49.502][INFO][Item Stages Restrictions]: [ItemStages] Creating new restriction for stages [coal].
[00:54:49.502][INFO][Item Stages Restrictions]: [ItemStages] Creating new restriction for stages [coal].
[00:54:49.502][INFO][Item Stages Restrictions]: [ItemStages] Creating new restriction for stages [coal].
[00:54:49.502][INFO][Item Stages Restrictions]: [ItemStages] Creating new restriction for stages [coal].
[00:54:49.502][INFO][Item Stages Restrictions]: [ItemStages] Creating new restriction for stages [coal].
[00:54:49.502][INFO][Item Stages Restrictions]: [ItemStages] Creating new restriction for stages [coal].
[00:54:49.502][INFO][Item Stages Restrictions]: [ItemStages] Creating new restriction for stages [coal].
[00:54:49.502][INFO][Item Stages Restrictions]: [ItemStages] Creating new restriction for stages [coal].
[00:54:49.502][INFO][Item Stages Restrictions]: [ItemStages] Creating new restriction for stages [coal].
[00:54:49.502][INFO][Item Stages Restrictions]: [ItemStages] Creating new restriction for stages [coal].
[00:54:49.502][INFO][Item Stages Restrictions]: [ItemStages] Creating new restriction for stages [coal].
[00:54:49.502][INFO][Item Stages Restrictions]: [ItemStages] Creating new restriction for stages [coal].
[00:54:49.502][INFO][Item Stages Restrictions]: [ItemStages] Creating new restriction for stages [coal].
[00:54:49.502][INFO][Item Stages Restrictions]: [ItemStages] Creating new restriction for stages [coal].
[00:54:49.502][INFO][Item Stages Restrictions]: [ItemStages] Creating new restriction for stages [coal].
[00:54:49.502][INFO][Item Stages Restrictions]: [ItemStages] Creating new restriction for stages [coal].
[00:54:49.502][INFO][Item Stages Restrictions]: [ItemStages] Creating new restriction for stages [coal].
[00:54:49.502][INFO][Item Stages Restrictions]: [ItemStages] Creating new restriction for stages [coal].
[00:54:49.502][INFO][Item Stages Restrictions]: [ItemStages] Creating new restriction for stages [coal].
[00:54:49.502][INFO][Item Stages Restrictions]: [ItemStages] Creating new restriction for stages [coal].
[00:54:49.502][INFO][Item Stages Restrictions]: [ItemStages] Creating new restriction for stages [coal].
[00:54:49.502][INFO][Item Stages Restrictions]: [ItemStages] Creating new restriction for stages [coal].
[00:54:49.502][INFO][Item Stages Restrictions]: [ItemStages] Creating new restriction for stages [coal].
[00:54:49.502][INFO][Item Stages Restrictions]: [ItemStages] Creating new restriction for stages [coal].
[00:54:49.502][INFO][Item Stages Restrictions]: [ItemStages] Creating new restriction for stages [coal].
[00:54:49.502][INFO][Item Stages Restrictions]: [ItemStages] Creating new restriction for stages [coal].
[00:54:49.502][INFO][Item Stages Restrictions]: [ItemStages] Creating new restriction for stages [coal].
[00:54:49.502][INFO][Item Stages Restrictions]: [ItemStages] Creating new restriction for stages [coal].
[00:54:49.502][INFO][Item Stages Restrictions]: [ItemStages] Creating new restriction for stages [coal].
[00:54:49.502][INFO][Item Stages Restrictions]: [ItemStages] Creating new restriction for stages [coal].
[00:54:49.502][INFO][Item Stages Restrictions]: [ItemStages] Creating new restriction for stages [coal].
[00:54:49.502][INFO][Item Stages Restrictions]: [ItemStages] Creating new restriction for stages [coal].
[00:54:49.502][INFO][Item Stages Restrictions]: [ItemStages] Creating new restriction for stages [coal].
[00:54:49.502][INFO][Item Stages Restrictions]: [ItemStages] Creating new restriction for stages [coal].
[00:54:49.502][INFO][Item Stages Restrictions]: [ItemStages] Creating new restriction for stages [coal].
[00:54:49.502][INFO][Item Stages Restrictions]: [ItemStages] Creating new restriction for stages [coal].
[00:54:49.502][INFO][Item Stages Restrictions]: [ItemStages] Creating new restriction for stages [coal].
[00:54:49.502][INFO][Item Stages Restrictions]: [ItemStages] Creating new restriction for stages [coal].
[00:54:49.503][INFO][Item Stages Restrictions]: [ItemStages] Creating new restriction for stages [coal].
[00:54:49.503][INFO][Item Stages Restrictions]: [ItemStages] Creating new restriction for stages [coal].
[00:54:49.503][INFO][Item Stages Restrictions]: [ItemStages] Creating new restriction for stages [coal].
[00:54:49.503][INFO][Item Stages Restrictions]: [ItemStages] Creating new restriction for stages [coal].
[00:54:49.503][INFO][Item Stages Restrictions]: [ItemStages] Creating new restriction for stages [coal].
[00:54:49.503][INFO][Item Stages Restrictions]: [ItemStages] Creating new restriction for stages [coal].
[00:54:49.503][INFO][Item Stages Restrictions]: [ItemStages] Creating new restriction for stages [coal].
[00:54:49.503][INFO][Item Stages Restrictions]: [ItemStages] Creating new restriction for stages [coal].
[00:54:49.503][INFO][CraftTweaker-ZenCode]: Execution for loader 'crafttweaker' completed successfully
[00:54:49.503][INFO][CraftTweaker]: CraftTweaker 重载完成！
[00:54:49.503][INFO][CraftTweaker]: This reload was made possible by DreamThorn and more! Become a patron at https://patreon.com/jaredlll08?s=crtmod
