Logging started at 2025-04-03T13:07:42.577085100Z
[authlib-injector] [INFO] Version: 1.2.5
[authlib-injector] [INFO] Authentication server: https://littleskin.cn/api/yggdrasil
[authlib-injector] [INFO] Transformed [net.minecraft.client.main.Main] with [Main Arguments Transformer]
[authlib-injector] [INFO] Transformed [com.mojang.authlib.properties.Property] with [Yggdrasil Public Key Transformer]
[authlib-injector] [INFO] Httpd is running on port 54826
[authlib-injector] [INFO] Transformed [net.minecraft.client.player.AbstractClientPlayer] with [Constant URL Transformer]
[authlib-injector] [INFO] Transformed [net.minecraft.client.main.Main] with [Main Arguments Transformer]
[authlib-injector] [INFO] Transformed [com.mojang.authlib.HttpAuthenticationService] with [ConcatenateURL Workaround]
[authlib-injector] [INFO] Transformed [com.mojang.authlib.yggdrasil.YggdrasilEnvironment] with [Constant URL Transformer]
[authlib-injector] [INFO] Transformed [com.mojang.authlib.yggdrasil.YggdrasilServicesKeyInfo] with [Yggdrasil Public Key Transformer]
[authlib-injector] [INFO] Transformed [rikka.lanserverproperties.UUIDFixer] with [Constant URL Transformer]
[authlib-injector] [INFO] Transformed [net.minecraft.server.network.ServerLoginPacketListenerImpl] with [Username Character Check Transformer]
[authlib-injector] [WARNING] An error occurred while processing request [/https/sessionserver.mojang.com/session/minecraft/profile/ffbbf33ebf7b46e7a8b06221e69b3e4b]
java.io.UncheckedIOException: java.net.UnknownHostException: littleskin.cn
	at moe.yushi.authlibinjector.yggdrasil.YggdrasilClient.queryProfile(YggdrasilClient.java:92)
	at moe.yushi.authlibinjector.httpd.QueryProfileFilter.handle(QueryProfileFilter.java:82)
	at moe.yushi.authlibinjector.httpd.URLProcessor$1.serve(URLProcessor.java:142)
	at moe.yushi.authlibinjector.internal.fi.iki.elonen.HTTPSession.execute(HTTPSession.java:246)
	at moe.yushi.authlibinjector.internal.fi.iki.elonen.NanoHTTPD$ClientHandler.run(NanoHTTPD.java:104)
	at java.base/java.lang.Thread.run(Thread.java:1583)
Caused by: java.net.UnknownHostException: littleskin.cn
	at java.base/sun.nio.ch.NioSocketImpl.connect(NioSocketImpl.java:567)
	at java.base/java.net.SocksSocketImpl.connect(SocksSocketImpl.java:327)
	at java.base/java.net.Socket.connect(Socket.java:751)
	at java.base/sun.security.ssl.SSLSocketImpl.connect(SSLSocketImpl.java:304)
	at java.base/sun.security.ssl.BaseSSLSocketImpl.connect(BaseSSLSocketImpl.java:181)
	at java.base/sun.net.NetworkClient.doConnect(NetworkClient.java:183)
	at java.base/sun.net.www.http.HttpClient.openServer(HttpClient.java:531)
	at java.base/sun.net.www.http.HttpClient.openServer(HttpClient.java:636)
	at java.base/sun.net.www.protocol.https.HttpsClient.<init>(HttpsClient.java:264)
	at java.base/sun.net.www.protocol.https.HttpsClient.New(HttpsClient.java:377)
	at java.base/sun.net.www.protocol.https.AbstractDelegateHttpsURLConnection.getNewHttpClient(AbstractDelegateHttpsURLConnection.java:193)
	at java.base/sun.net.www.protocol.http.HttpURLConnection.plainConnect0(HttpURLConnection.java:1237)
	at java.base/sun.net.www.protocol.http.HttpURLConnection.plainConnect(HttpURLConnection.java:1123)
	at java.base/sun.net.www.protocol.https.AbstractDelegateHttpsURLConnection.connect(AbstractDelegateHttpsURLConnection.java:179)
	at java.base/sun.net.www.protocol.http.HttpURLConnection.getInputStream0(HttpURLConnection.java:1675)
	at java.base/sun.net.www.protocol.http.HttpURLConnection.getInputStream(HttpURLConnection.java:1599)
	at java.base/sun.net.www.protocol.https.HttpsURLConnectionImpl.getInputStream(HttpsURLConnectionImpl.java:223)
	at moe.yushi.authlibinjector.util.IOUtils.http(IOUtils.java:49)
	at moe.yushi.authlibinjector.yggdrasil.YggdrasilClient.queryProfile(YggdrasilClient.java:90)
	... 5 more

[authlib-injector] [WARNING] An error occurred while processing request [/https/sessionserver.mojang.com/session/minecraft/profile/a826aac8c8a530af87a9816058380db8]
java.io.UncheckedIOException: java.net.UnknownHostException: littleskin.cn
	at moe.yushi.authlibinjector.yggdrasil.YggdrasilClient.queryProfile(YggdrasilClient.java:92)
	at moe.yushi.authlibinjector.httpd.QueryProfileFilter.handle(QueryProfileFilter.java:82)
	at moe.yushi.authlibinjector.httpd.URLProcessor$1.serve(URLProcessor.java:142)
	at moe.yushi.authlibinjector.internal.fi.iki.elonen.HTTPSession.execute(HTTPSession.java:246)
	at moe.yushi.authlibinjector.internal.fi.iki.elonen.NanoHTTPD$ClientHandler.run(NanoHTTPD.java:104)
	at java.base/java.lang.Thread.run(Thread.java:1583)
Caused by: java.net.UnknownHostException: littleskin.cn
	at java.base/sun.nio.ch.NioSocketImpl.connect(NioSocketImpl.java:567)
	at java.base/java.net.SocksSocketImpl.connect(SocksSocketImpl.java:327)
	at java.base/java.net.Socket.connect(Socket.java:751)
	at java.base/sun.security.ssl.SSLSocketImpl.connect(SSLSocketImpl.java:304)
	at java.base/sun.security.ssl.BaseSSLSocketImpl.connect(BaseSSLSocketImpl.java:181)
	at java.base/sun.net.NetworkClient.doConnect(NetworkClient.java:183)
	at java.base/sun.net.www.http.HttpClient.openServer(HttpClient.java:531)
	at java.base/sun.net.www.http.HttpClient.openServer(HttpClient.java:636)
	at java.base/sun.net.www.protocol.https.HttpsClient.<init>(HttpsClient.java:264)
	at java.base/sun.net.www.protocol.https.HttpsClient.New(HttpsClient.java:377)
	at java.base/sun.net.www.protocol.https.AbstractDelegateHttpsURLConnection.getNewHttpClient(AbstractDelegateHttpsURLConnection.java:193)
	at java.base/sun.net.www.protocol.http.HttpURLConnection.plainConnect0(HttpURLConnection.java:1237)
	at java.base/sun.net.www.protocol.http.HttpURLConnection.plainConnect(HttpURLConnection.java:1123)
	at java.base/sun.net.www.protocol.https.AbstractDelegateHttpsURLConnection.connect(AbstractDelegateHttpsURLConnection.java:179)
	at java.base/sun.net.www.protocol.http.HttpURLConnection.getInputStream0(HttpURLConnection.java:1675)
	at java.base/sun.net.www.protocol.http.HttpURLConnection.getInputStream(HttpURLConnection.java:1599)
	at java.base/sun.net.www.protocol.https.HttpsURLConnectionImpl.getInputStream(HttpsURLConnectionImpl.java:223)
	at moe.yushi.authlibinjector.util.IOUtils.http(IOUtils.java:49)
	at moe.yushi.authlibinjector.yggdrasil.YggdrasilClient.queryProfile(YggdrasilClient.java:90)
	... 5 more

[authlib-injector] [WARNING] An error occurred while processing request [/https/sessionserver.mojang.com/session/minecraft/profile/b7aecf1a47694714b12f03f0903727fb]
java.io.UncheckedIOException: java.net.UnknownHostException: littleskin.cn
	at moe.yushi.authlibinjector.yggdrasil.YggdrasilClient.queryProfile(YggdrasilClient.java:92)
	at moe.yushi.authlibinjector.httpd.QueryProfileFilter.handle(QueryProfileFilter.java:82)
	at moe.yushi.authlibinjector.httpd.URLProcessor$1.serve(URLProcessor.java:142)
	at moe.yushi.authlibinjector.internal.fi.iki.elonen.HTTPSession.execute(HTTPSession.java:246)
	at moe.yushi.authlibinjector.internal.fi.iki.elonen.NanoHTTPD$ClientHandler.run(NanoHTTPD.java:104)
	at java.base/java.lang.Thread.run(Thread.java:1583)
Caused by: java.net.UnknownHostException: littleskin.cn
	at java.base/sun.nio.ch.NioSocketImpl.connect(NioSocketImpl.java:567)
	at java.base/java.net.SocksSocketImpl.connect(SocksSocketImpl.java:327)
	at java.base/java.net.Socket.connect(Socket.java:751)
	at java.base/sun.security.ssl.SSLSocketImpl.connect(SSLSocketImpl.java:304)
	at java.base/sun.security.ssl.BaseSSLSocketImpl.connect(BaseSSLSocketImpl.java:181)
	at java.base/sun.net.NetworkClient.doConnect(NetworkClient.java:183)
	at java.base/sun.net.www.http.HttpClient.openServer(HttpClient.java:531)
	at java.base/sun.net.www.http.HttpClient.openServer(HttpClient.java:636)
	at java.base/sun.net.www.protocol.https.HttpsClient.<init>(HttpsClient.java:264)
	at java.base/sun.net.www.protocol.https.HttpsClient.New(HttpsClient.java:377)
	at java.base/sun.net.www.protocol.https.AbstractDelegateHttpsURLConnection.getNewHttpClient(AbstractDelegateHttpsURLConnection.java:193)
	at java.base/sun.net.www.protocol.http.HttpURLConnection.plainConnect0(HttpURLConnection.java:1237)
	at java.base/sun.net.www.protocol.http.HttpURLConnection.plainConnect(HttpURLConnection.java:1123)
	at java.base/sun.net.www.protocol.https.AbstractDelegateHttpsURLConnection.connect(AbstractDelegateHttpsURLConnection.java:179)
	at java.base/sun.net.www.protocol.http.HttpURLConnection.getInputStream0(HttpURLConnection.java:1675)
	at java.base/sun.net.www.protocol.http.HttpURLConnection.getInputStream(HttpURLConnection.java:1599)
	at java.base/sun.net.www.protocol.https.HttpsURLConnectionImpl.getInputStream(HttpsURLConnectionImpl.java:223)
	at moe.yushi.authlibinjector.util.IOUtils.http(IOUtils.java:49)
	at moe.yushi.authlibinjector.yggdrasil.YggdrasilClient.queryProfile(YggdrasilClient.java:90)
	... 5 more

