* This is the StructMobWeight report file that is output every time the server starts.
* 
* Spawn Balance Utility (SBU) will use this file ONLY if it is renamed to StructMobWeight.csv.
* Lines starting with '*' are comments and ignored
* It allows you to add and remove mobs and adjust their spawnweights for Structures
* like shipwrecks, nether fortresses, water monuments, etc.
* 
1, totw_modded:aether, HEADING, header:ignore, 0, 0, 0
2, minecraft:ancient_city, HEADING, header:ignore, 0, 0, 0
3, spawn:ant_mount, HEADING, header:ignore, 0, 0, 0
4, betterarcheology:archeologist_camp_grassy, HEADING, header:ignore, 0, 0, 0
5, betterarcheology:archeologist_camp_redsand, HEADING, header:ignore, 0, 0, 0
6, betterarcheology:archeologist_camp_sand, HEADING, header:ignore, 0, 0, 0
7, totw_modded:badlands, HEADING, header:ignore, 0, 0, 0
8, nova_structures:badlands_miner_outpost, HEADING, header:ignore, 0, 0, 0
9, bakery:bakery, HEADING, header:ignore, 0, 0, 0
10, bakery:bakery, CREATURE, minecraft:pig, 10, 1, 4
11, minecraft:bastion_remnant, HEADING, header:ignore, 0, 0, 0
12, brewery:brewfest_tent, HEADING, header:ignore, 0, 0, 0
13, nova_structures:bunker, HEADING, header:ignore, 0, 0, 0
14, betterarcheology:buried_ruins_sand, HEADING, header:ignore, 0, 0, 0
15, minecraft:buried_treasure, HEADING, header:ignore, 0, 0, 0
16, betterarcheology:catacombs, HEADING, header:ignore, 0, 0, 0
17, nova_structures:conduit_ruin, HEADING, header:ignore, 0, 0, 0
18, nova_structures:conduit_ruin, MONSTER, minecraft:guardian, 10, 1, 1
19, nova_structures:conduit_ruin, MONSTER, minecraft:drowned, 10, 1, 2
20, nova_structures:creeping_crypt, HEADING, header:ignore, 0, 0, 0
21, totw_modded:derelict, HEADING, header:ignore, 0, 0, 0
22, totw_modded:derelict_grass, HEADING, header:ignore, 0, 0, 0
23, totw_modded:desert, HEADING, header:ignore, 0, 0, 0
24, betterarcheology:desert_obelisk, HEADING, header:ignore, 0, 0, 0
25, terralith:desert_outpost, HEADING, header:ignore, 0, 0, 0
26, terralith:desert_outpost, MONSTER, minecraft:pillager, 10, 1, 1
27, minecraft:desert_pyramid, HEADING, header:ignore, 0, 0, 0
28, nova_structures:desert_ruins, HEADING, header:ignore, 0, 0, 0
29, nova_structures:donjon, HEADING, header:ignore, 0, 0, 0
30, totw_modded:end, HEADING, header:ignore, 0, 0, 0
31, minecraft:end_city, HEADING, header:ignore, 0, 0, 0
32, minecraft:end_city, MONSTER, alexsmobs:mimicube, 40, 1, 3
33, totw_modded:everbright, HEADING, header:ignore, 0, 0, 0
34, totw_modded:everdawn, HEADING, header:ignore, 0, 0, 0
35, verdantvibes:fairy_circle, HEADING, header:ignore, 0, 0, 0
36, habitat:fairy_ring, HEADING, header:ignore, 0, 0, 0
37, habitat:fairy_ring, CREATURE, habitat:pooka, 10, 4, 4
38, nova_structures:firewatch_tower_birch, HEADING, header:ignore, 0, 0, 0
39, nova_structures:firewatch_tower_cherry, HEADING, header:ignore, 0, 0, 0
40, nova_structures:firewatch_tower_dark_oak, HEADING, header:ignore, 0, 0, 0
41, nova_structures:firewatch_tower_forest, HEADING, header:ignore, 0, 0, 0
42, nova_structures:firewatch_tower_jungle, HEADING, header:ignore, 0, 0, 0
43, nova_structures:firewatch_tower_mangrove, HEADING, header:ignore, 0, 0, 0
44, nova_structures:firewatch_tower_savanna, HEADING, header:ignore, 0, 0, 0
45, nova_structures:firewatch_tower_swamp, HEADING, header:ignore, 0, 0, 0
46, nova_structures:firewatch_tower_taiga, HEADING, header:ignore, 0, 0, 0
47, medieval_buildings:fort, HEADING, header:ignore, 0, 0, 0
48, terralith:fortified_desert_village, HEADING, header:ignore, 0, 0, 0
49, terralith:fortified_village, HEADING, header:ignore, 0, 0, 0
50, minecraft:fortress, HEADING, header:ignore, 0, 0, 0
51, minecraft:fortress, MONSTER, minecraft:blaze, 10, 2, 3
52, minecraft:fortress, MONSTER, minecraft:zombified_piglin, 10, 4, 4
53, minecraft:fortress, MONSTER, minecraft:wither_skeleton, 10, 5, 5
54, minecraft:fortress, MONSTER, minecraft:skeleton, 10, 5, 5
55, minecraft:fortress, MONSTER, minecraft:magma_cube, 10, 4, 4
56, betterarcheology:fossil_chicken, HEADING, header:ignore, 0, 0, 0
57, betterarcheology:fossil_chicken_birch, HEADING, header:ignore, 0, 0, 0
58, betterarcheology:fossil_creeper, HEADING, header:ignore, 0, 0, 0
59, betterarcheology:fossil_jungle_0, HEADING, header:ignore, 0, 0, 0
60, betterarcheology:fossil_jungle_1, HEADING, header:ignore, 0, 0, 0
61, betterarcheology:fossil_sheep_0, HEADING, header:ignore, 0, 0, 0
62, betterarcheology:fossil_wolf, HEADING, header:ignore, 0, 0, 0
63, snowyspirit:gingerbread_house, HEADING, header:ignore, 0, 0, 0
64, snowyspirit:gingerbread_house, MONSTER, minecraft:witch, 10, 1, 1
65, snowyspirit:gingerbread_house, CREATURE, minecraft:pig, 10, 1, 1
66, terralith:glacial_hut, HEADING, header:ignore, 0, 0, 0
67, totw_modded:glacio, HEADING, header:ignore, 0, 0, 0
68, youkaishomecoming:hakurei_shrine, HEADING, header:ignore, 0, 0, 0
69, nova_structures:hamlet, HEADING, header:ignore, 0, 0, 0
70, medieval_buildings:house_1, HEADING, header:ignore, 0, 0, 0
71, medieval_buildings:house_2, HEADING, header:ignore, 0, 0, 0
72, totw_modded:ice, HEADING, header:ignore, 0, 0, 0
73, minecraft:igloo, HEADING, header:ignore, 0, 0, 0
74, terralith:igloo, HEADING, header:ignore, 0, 0, 0
75, nova_structures:illager_camp, HEADING, header:ignore, 0, 0, 0
76, nova_structures:illager_hideout, HEADING, header:ignore, 0, 0, 0
77, nova_structures:illager_manor, HEADING, header:ignore, 0, 0, 0
78, totw_modded:jungle, HEADING, header:ignore, 0, 0, 0
79, minecraft:jungle_pyramid, HEADING, header:ignore, 0, 0, 0
80, nova_structures:jungle_ruins, HEADING, header:ignore, 0, 0, 0
81, betterarcheology:light_temple, HEADING, header:ignore, 0, 0, 0
82, swem:lonely_cottage_abandoned, HEADING, header:ignore, 0, 0, 0
83, terralith:mage_complex, HEADING, header:ignore, 0, 0, 0
84, terralith:mage_tower, HEADING, header:ignore, 0, 0, 0
85, terralith:mage_tower_autumn, HEADING, header:ignore, 0, 0, 0
86, terralith:mage_tower_spring, HEADING, header:ignore, 0, 0, 0
87, terralith:mage_tower_summer, HEADING, header:ignore, 0, 0, 0
88, terralith:mage_tower_winter, HEADING, header:ignore, 0, 0, 0
89, nova_structures:mangrove_witch_hut, HEADING, header:ignore, 0, 0, 0
90, nova_structures:mangrove_witch_hut, MONSTER, minecraft:witch, 10, 1, 1
91, nova_structures:mangrove_witch_hut, CREATURE, minecraft:cat, 10, 1, 1
92, minecraft:mansion, HEADING, header:ignore, 0, 0, 0
93, totw_modded:mars, HEADING, header:ignore, 0, 0, 0
94, totw_modded:mercury, HEADING, header:ignore, 0, 0, 0
95, betterarcheology:mesa_ruins, HEADING, header:ignore, 0, 0, 0
96, minecraft:mineshaft, HEADING, header:ignore, 0, 0, 0
97, minecraft:mineshaft, AMBIENT, alexsmobs:underminer, 50, 1, 1
98, minecraft:mineshaft_mesa, HEADING, header:ignore, 0, 0, 0
99, minecraft:mineshaft_mesa, AMBIENT, alexsmobs:underminer, 50, 1, 1
100, minecraft:monument, HEADING, header:ignore, 0, 0, 0
101, minecraft:monument, MONSTER, minecraft:guardian, 10, 2, 4
102, totw_modded:moon, HEADING, header:ignore, 0, 0, 0
103, betterarcheology:mott, HEADING, header:ignore, 0, 0, 0
104, totw_modded:nether, HEADING, header:ignore, 0, 0, 0
105, minecraft:nether_fossil, HEADING, header:ignore, 0, 0, 0
106, minecraft:nether_fossil, MONSTER, alexsmobs:soul_vulture, 30, 1, 1
107, nova_structures:nether_keep, HEADING, header:ignore, 0, 0, 0
108, nova_structures:nether_keep, MONSTER, minecraft:blaze, 10, 2, 3
109, nova_structures:nether_keep, MONSTER, minecraft:zombified_piglin, 10, 4, 4
110, nova_structures:nether_keep, MONSTER, minecraft:wither_skeleton, 10, 5, 5
111, nova_structures:nether_keep, MONSTER, minecraft:skeleton, 10, 5, 5
112, nova_structures:nether_keep, MONSTER, minecraft:magma_cube, 10, 4, 4
113, nova_structures:nether_port, HEADING, header:ignore, 0, 0, 0
114, nova_structures:nether_port, MONSTER, minecraft:blaze, 10, 1, 2
115, nova_structures:nether_port, MONSTER, minecraft:zombified_piglin, 10, 1, 2
116, nova_structures:nether_port, MONSTER, minecraft:wither_skeleton, 10, 1, 3
117, nova_structures:nether_port, MONSTER, minecraft:skeleton, 10, 1, 5
118, nova_structures:nether_port, MONSTER, minecraft:magma_cube, 10, 1, 2
119, nova_structures:nether_skeleton_tower_basalt, HEADING, header:ignore, 0, 0, 0
120, nova_structures:nether_skeleton_tower_crimson, HEADING, header:ignore, 0, 0, 0
121, nova_structures:nether_skeleton_tower_soul, HEADING, header:ignore, 0, 0, 0
122, nova_structures:nether_skeleton_tower_warped, HEADING, header:ignore, 0, 0, 0
123, verdantvibes:oak_overgrown_hut, HEADING, header:ignore, 0, 0, 0
124, bakery:oat_field, HEADING, header:ignore, 0, 0, 0
125, bakery:oat_field, CREATURE, minecraft:pig, 10, 1, 4
126, totw_modded:ocean, HEADING, header:ignore, 0, 0, 0
127, minecraft:ocean_ruin_cold, HEADING, header:ignore, 0, 0, 0
128, minecraft:ocean_ruin_warm, HEADING, header:ignore, 0, 0, 0
129, totw_modded:ocean_warm, HEADING, header:ignore, 0, 0, 0
130, verdantvibes:palm_campfire, HEADING, header:ignore, 0, 0, 0
131, nova_structures:piglin_camp, HEADING, header:ignore, 0, 0, 0
132, nova_structures:piglin_outstation, HEADING, header:ignore, 0, 0, 0
133, nova_structures:piglin_outstation, MONSTER, minecraft:piglin, 10, 1, 1
134, minecraft:pillager_outpost, HEADING, header:ignore, 0, 0, 0
135, minecraft:pillager_outpost, MONSTER, minecraft:pillager, 10, 1, 1
136, totw_modded:ratlantis, HEADING, header:ignore, 0, 0, 0
137, totw_modded:regular, HEADING, header:ignore, 0, 0, 0
138, ribbits:ribbit_village, HEADING, header:ignore, 0, 0, 0
139, terralith:rubble_desert, HEADING, header:ignore, 0, 0, 0
140, terralith:rubble_forest, HEADING, header:ignore, 0, 0, 0
141, terralith:rubble_jungle, HEADING, header:ignore, 0, 0, 0
142, terralith:rubble_mesa, HEADING, header:ignore, 0, 0, 0
143, terralith:rubble_mountain, HEADING, header:ignore, 0, 0, 0
144, terralith:rubble_taiga, HEADING, header:ignore, 0, 0, 0
145, nova_structures:ruin_town, HEADING, header:ignore, 0, 0, 0
146, minecraft:ruined_portal, HEADING, header:ignore, 0, 0, 0
147, minecraft:ruined_portal_desert, HEADING, header:ignore, 0, 0, 0
148, minecraft:ruined_portal_jungle, HEADING, header:ignore, 0, 0, 0
149, minecraft:ruined_portal_mountain, HEADING, header:ignore, 0, 0, 0
150, minecraft:ruined_portal_nether, HEADING, header:ignore, 0, 0, 0
151, minecraft:ruined_portal_ocean, HEADING, header:ignore, 0, 0, 0
152, minecraft:ruined_portal_swamp, HEADING, header:ignore, 0, 0, 0
153, betterarcheology:ruins_sand, HEADING, header:ignore, 0, 0, 0
154, medieval_buildings:ship, HEADING, header:ignore, 0, 0, 0
155, ships:ship, HEADING, header:ignore, 0, 0, 0
156, ships:ship_fleet, HEADING, header:ignore, 0, 0, 0
157, minecraft:shipwreck, HEADING, header:ignore, 0, 0, 0
158, minecraft:shipwreck, MONSTER, alexsmobs:skelewag, 15, 1, 2
159, minecraft:shipwreck_beached, HEADING, header:ignore, 0, 0, 0
160, nova_structures:skeleton_camp_crimson, HEADING, header:ignore, 0, 0, 0
161, nova_structures:skeleton_camp_soul, HEADING, header:ignore, 0, 0, 0
162, nova_structures:skeleton_camp_warped, HEADING, header:ignore, 0, 0, 0
163, nova_structures:skeleton_camp_waste, HEADING, header:ignore, 0, 0, 0
164, terralith:spire, HEADING, header:ignore, 0, 0, 0
165, verdantvibes:spruce_overgrown_hut, HEADING, header:ignore, 0, 0, 0
166, betterarcheology:stonehenge_grassy, HEADING, header:ignore, 0, 0, 0
167, nova_structures:stray_fort, HEADING, header:ignore, 0, 0, 0
168, nova_structures:stray_fort, MONSTER, minecraft:stray, 10, 1, 32
169, minecraft:stronghold, HEADING, header:ignore, 0, 0, 0
170, minecraft:swamp_hut, HEADING, header:ignore, 0, 0, 0
171, minecraft:swamp_hut, MONSTER, minecraft:witch, 10, 1, 1
172, minecraft:swamp_hut, CREATURE, minecraft:cat, 10, 1, 1
173, nova_structures:tavern_acacia, HEADING, header:ignore, 0, 0, 0
174, nova_structures:tavern_birch, HEADING, header:ignore, 0, 0, 0
175, nova_structures:tavern_cherry, HEADING, header:ignore, 0, 0, 0
176, nova_structures:tavern_dark_oak, HEADING, header:ignore, 0, 0, 0
177, nova_structures:tavern_desert, HEADING, header:ignore, 0, 0, 0
178, nova_structures:tavern_jungle, HEADING, header:ignore, 0, 0, 0
179, nova_structures:tavern_mangrove, HEADING, header:ignore, 0, 0, 0
180, nova_structures:tavern_oak, HEADING, header:ignore, 0, 0, 0
181, nova_structures:tavern_snowy, HEADING, header:ignore, 0, 0, 0
182, nova_structures:tavern_spruce, HEADING, header:ignore, 0, 0, 0
183, nova_structures:tavern_swamp, HEADING, header:ignore, 0, 0, 0
184, betterarcheology:temple_jungle, HEADING, header:ignore, 0, 0, 0
185, medieval_buildings:tower, HEADING, header:ignore, 0, 0, 0
186, minecraft:trail_ruins, HEADING, header:ignore, 0, 0, 0
187, betterarcheology:tumulus_grassy, HEADING, header:ignore, 0, 0, 0
188, totw_modded:tw_canopy, HEADING, header:ignore, 0, 0, 0
189, totw_modded:tw_mangrove, HEADING, header:ignore, 0, 0, 0
190, nova_structures:undead_crypt, HEADING, header:ignore, 0, 0, 0
191, terralith:underground/frosted_dungeon, HEADING, header:ignore, 0, 0, 0
192, terralith:underground/giant_bee_hive, HEADING, header:ignore, 0, 0, 0
193, terralith:underground/mining_outpost, HEADING, header:ignore, 0, 0, 0
194, terralith:underground/oak_cabin, HEADING, header:ignore, 0, 0, 0
195, terralith:underground/old_refinery, HEADING, header:ignore, 0, 0, 0
196, terralith:underground/sunken_tower, HEADING, header:ignore, 0, 0, 0
197, terralith:underground/witch_hut, HEADING, header:ignore, 0, 0, 0
198, terralith:underground_cabin, HEADING, header:ignore, 0, 0, 0
199, nova_structures:underground_house, HEADING, header:ignore, 0, 0, 0
200, betterarcheology:underwater_0, HEADING, header:ignore, 0, 0, 0
201, betterarcheology:underwater_1, HEADING, header:ignore, 0, 0, 0
202, betterarcheology:underwater_2, HEADING, header:ignore, 0, 0, 0
203, betterarcheology:underwater_3, HEADING, header:ignore, 0, 0, 0
204, terralith:valley_lodge, HEADING, header:ignore, 0, 0, 0
205, totw_modded:venus, HEADING, header:ignore, 0, 0, 0
206, minecraft:village_desert, HEADING, header:ignore, 0, 0, 0
207, nova_structures:village_jungle, HEADING, header:ignore, 0, 0, 0
208, minecraft:village_plains, HEADING, header:ignore, 0, 0, 0
209, minecraft:village_savanna, HEADING, header:ignore, 0, 0, 0
210, minecraft:village_snowy, HEADING, header:ignore, 0, 0, 0
211, nova_structures:village_swamp, HEADING, header:ignore, 0, 0, 0
212, swampier_swamps:village_swamp, HEADING, header:ignore, 0, 0, 0
213, minecraft:village_taiga, HEADING, header:ignore, 0, 0, 0
214, betterarcheology:villager_grave, HEADING, header:ignore, 0, 0, 0
215, supplementaries:way_sign, HEADING, header:ignore, 0, 0, 0
216, nova_structures:well_birch, HEADING, header:ignore, 0, 0, 0
217, nova_structures:well_dark_oak, HEADING, header:ignore, 0, 0, 0
218, nova_structures:well_jungle, HEADING, header:ignore, 0, 0, 0
219, nova_structures:well_oak, HEADING, header:ignore, 0, 0, 0
220, nova_structures:well_savana, HEADING, header:ignore, 0, 0, 0
221, nova_structures:well_spruce, HEADING, header:ignore, 0, 0, 0
222, nova_structures:wild_ruin, HEADING, header:ignore, 0, 0, 0
223, terralith:witch_hut, HEADING, header:ignore, 0, 0, 0
224, terralith:witch_hut, MONSTER, minecraft:witch, 10, 1, 2
225, terralith:witch_hut, CREATURE, minecraft:cat, 10, 1, 1
226, nova_structures:witch_villa, HEADING, header:ignore, 0, 0, 0
227, youkaishomecoming:youkai_nest, HEADING, header:ignore, 0, 0, 0
228, youkaishomecoming:youkai_nest, MONSTER, youkaishomecoming:rumia, 10, 1, 1
